<2021-11-01 08:54:05.209>: [Info]: BackupNameAttachment=" Build(1467185) 01 Nov 21 (14 24 05)"  -- used by backup system

<2021-11-01 08:54:05.209>: [Info]: Log Started at local time Mon Nov  1 14:24:05 2021
<2021-11-01 08:54:05.210>: [Info]: Built on Wed Oct 27 02:03:51 2021

<2021-11-01 08:54:05.210>: [Info]: Running 64 bit Windows version
<2021-11-01 08:54:05.210>: [Info]: Executable: NewWorld.exe [AZ_RETAIL_CONFIG]
<2021-11-01 08:54:05.210>: [Info]: FileVersion: 1.9.275.1467185
<2021-11-01 08:54:05.210>: [Info]: ProductVersion: 1.9.275.1467185
<2021-11-01 08:54:05.210>: [Info]: Using Microsoft (tm) C++ Standard Library implementation

<2021-11-01 08:54:05.211>: [Info] (AZCore): [System] Loading system configuration from system_windows_pc.cfg...
<2021-11-01 08:54:05.211>: [Info] (AZCore): [System] GameDir: Assets

<2021-11-01 08:54:05.851>: [Info]: 
<2021-11-01 08:54:05.851>: [Info]: Total number of logical processors: 12
<2021-11-01 08:54:05.851>: [Info]: Number of available logical processors: 12
<2021-11-01 08:54:05.851>: [Info]: Total number of system cores: 6
<2021-11-01 08:54:05.851>: [Info]: Number of cores available to process: 6
<2021-11-01 08:54:05.851>: [Info]:  
<2021-11-01 08:54:05.851>: [Info]: Processor 0:
<2021-11-01 08:54:05.851>: [Info]:   CPU: Intel Intel(R) Core(TM) i7-8700 CPU @ 3.20GHz
<2021-11-01 08:54:05.851>: [Info]:   Family: 6, Model: 14, Stepping: 10
<2021-11-01 08:54:05.851>: [Info]:   FPU: On-Chip
<2021-11-01 08:54:05.851>: [Info]:   3DNow!: not present
<2021-11-01 08:54:05.851>: [Info]:   MMX: not present
<2021-11-01 08:54:05.851>: [Info]:   SSE: present
<2021-11-01 08:54:05.851>: [Info]:   SSE2: present
<2021-11-01 08:54:05.851>: [Info]:   SSE3: present
<2021-11-01 08:54:05.851>: [Info]:   Serial number not present or disabled
<2021-11-01 08:54:05.851>: [Info]:  
<2021-11-01 08:54:05.851>: [Info]: Processor 1:
<2021-11-01 08:54:05.851>: [Info]:   CPU: Intel Intel(R) Core(TM) i7-8700 CPU @ 3.20GHz
<2021-11-01 08:54:05.851>: [Info]:   Family: 6, Model: 14, Stepping: 10
<2021-11-01 08:54:05.851>: [Info]:   FPU: On-Chip
<2021-11-01 08:54:05.851>: [Info]:   3DNow!: not present
<2021-11-01 08:54:05.851>: [Info]:   MMX: not present
<2021-11-01 08:54:05.851>: [Info]:   SSE: present
<2021-11-01 08:54:05.851>: [Info]:   SSE2: present
<2021-11-01 08:54:05.851>: [Info]:   SSE3: present
<2021-11-01 08:54:05.851>: [Info]:   Serial number not present or disabled
<2021-11-01 08:54:05.851>: [Info]:  
<2021-11-01 08:54:05.851>: [Info]: Processor 2:
<2021-11-01 08:54:05.851>: [Info]:   CPU: Intel Intel(R) Core(TM) i7-8700 CPU @ 3.20GHz
<2021-11-01 08:54:05.851>: [Info]:   Family: 6, Model: 14, Stepping: 10
<2021-11-01 08:54:05.851>: [Info]:   FPU: On-Chip
<2021-11-01 08:54:05.851>: [Info]:   3DNow!: not present
<2021-11-01 08:54:05.851>: [Info]:   MMX: not present
<2021-11-01 08:54:05.851>: [Info]:   SSE: present
<2021-11-01 08:54:05.851>: [Info]:   SSE2: present
<2021-11-01 08:54:05.851>: [Info]:   SSE3: present
<2021-11-01 08:54:05.851>: [Info]:   Serial number not present or disabled
<2021-11-01 08:54:05.851>: [Info]:  
<2021-11-01 08:54:05.851>: [Info]: Processor 3:
<2021-11-01 08:54:05.851>: [Info]:   CPU: Intel Intel(R) Core(TM) i7-8700 CPU @ 3.20GHz
<2021-11-01 08:54:05.851>: [Info]:   Family: 6, Model: 14, Stepping: 10
<2021-11-01 08:54:05.851>: [Info]:   FPU: On-Chip
<2021-11-01 08:54:05.851>: [Info]:   3DNow!: not present
<2021-11-01 08:54:05.851>: [Info]:   MMX: not present
<2021-11-01 08:54:05.851>: [Info]:   SSE: present
<2021-11-01 08:54:05.851>: [Info]:   SSE2: present
<2021-11-01 08:54:05.851>: [Info]:   SSE3: present
<2021-11-01 08:54:05.851>: [Info]:   Serial number not present or disabled
<2021-11-01 08:54:05.851>: [Info]:  
<2021-11-01 08:54:05.851>: [Info]: Processor 4:
<2021-11-01 08:54:05.851>: [Info]:   CPU: Intel Intel(R) Core(TM) i7-8700 CPU @ 3.20GHz
<2021-11-01 08:54:05.851>: [Info]:   Family: 6, Model: 14, Stepping: 10
<2021-11-01 08:54:05.851>: [Info]:   FPU: On-Chip
<2021-11-01 08:54:05.851>: [Info]:   3DNow!: not present
<2021-11-01 08:54:05.851>: [Info]:   MMX: not present
<2021-11-01 08:54:05.851>: [Info]:   SSE: present
<2021-11-01 08:54:05.851>: [Info]:   SSE2: present
<2021-11-01 08:54:05.851>: [Info]:   SSE3: present
<2021-11-01 08:54:05.851>: [Info]:   Serial number not present or disabled
<2021-11-01 08:54:05.851>: [Info]:  
<2021-11-01 08:54:05.851>: [Info]: Processor 5:
<2021-11-01 08:54:05.851>: [Info]:   CPU: Intel Intel(R) Core(TM) i7-8700 CPU @ 3.20GHz
<2021-11-01 08:54:05.851>: [Info]:   Family: 6, Model: 14, Stepping: 10
<2021-11-01 08:54:05.851>: [Info]:   FPU: On-Chip
<2021-11-01 08:54:05.851>: [Info]:   3DNow!: not present
<2021-11-01 08:54:05.851>: [Info]:   MMX: not present
<2021-11-01 08:54:05.851>: [Info]:   SSE: present
<2021-11-01 08:54:05.851>: [Info]:   SSE2: present
<2021-11-01 08:54:05.851>: [Info]:   SSE3: present
<2021-11-01 08:54:05.851>: [Info]:   Serial number not present or disabled
<2021-11-01 08:54:05.851>: [Info]:  
<2021-11-01 08:54:05.851>: [Info]: Windows 10 64 bit (build 10.0.19042)
<2021-11-01 08:54:05.851>: [Info]: System language: English
<2021-11-01 08:54:05.851>: [Info]: Windows Directory: "C:\WINDOWS"
<2021-11-01 08:54:05.851>: [Info]: Local time is 14:24:05 11/01/21, system running for 891 minutes
<2021-11-01 08:54:05.851>: [Info]: 16314MB physical memory installed, 11010MB available, 134217727MB virtual memory installed, 32 percent of memory in use
<2021-11-01 08:54:05.852>: [Info]: PageFile usage: 161MB, Working Set: 205MB, Peak PageFile usage: 332MB,
<2021-11-01 08:54:05.852>: [Info]: Current display mode is 78043832, (Unknown graphics card)
<2021-11-01 08:54:05.852>: [Info]: IBM enhanced (101/102-key) keyboard and 5+ button mouse installed
<2021-11-01 08:54:05.852>: [Info]: --------------------------------------------------------------------------------
<2021-11-01 08:54:05.853>: [Info] (AZCore): [System] Stream Engine Initialization
<2021-11-01 08:54:05.854>: [Info]: GameName: New World
<2021-11-01 08:54:05.854>: [Info]: BuildTime: Wed Oct 27 02:03:51 2021

<2021-11-01 08:54:05.854>: [Info] (AZCore): [System] Physics initialization
<2021-11-01 08:54:05.854>: [Info] (AZCore): [System] Renderer initialization
<2021-11-01 08:54:05.855>: [Info]: Logging video adapters:
<2021-11-01 08:54:07.516>: [Info]: - NVIDIA GeForce RTX 2080 (vendor = 0x10de, device = 0x1e87)
<2021-11-01 08:54:07.516>: [Info]:   - Adapter index: 0
<2021-11-01 08:54:07.516>: [Info]:   - Dedicated video memory: 8010 MB
<2021-11-01 08:54:07.516>: [Info]:   - Feature level: DX11 (SM 5.0)
<2021-11-01 08:54:07.516>: [Info]:   - Displays connected: yes
<2021-11-01 08:54:07.516>: [Info]:   - Suitable rendering device: yes
<2021-11-01 08:54:07.705>: [Info]: - Microsoft Basic Render Driver (vendor = 0x1414, device = 0x008c)
<2021-11-01 08:54:07.705>: [Info]:   - Adapter index: 1
<2021-11-01 08:54:07.705>: [Info]:   - Dedicated video memory: 0 MB
<2021-11-01 08:54:07.705>: [Info]:   - Feature level: DX11 (SM 5.0)
<2021-11-01 08:54:07.705>: [Info]:   - Displays connected: no
<2021-11-01 08:54:07.705>: [Info]:   - Suitable rendering device: no
<2021-11-01 08:54:09.730>: [Info]: Active GPUs: 1
<2021-11-01 08:54:10.167>: [Info]: [Renderer] A display device has been connected to the system
<2021-11-01 08:54:10.506>: [Info] (AZCore): [Audio] AudioSystem initialized in High Ram mode. Available RAM [16313]MB, LowRam cutoff is [9216]MB
<2021-11-01 08:54:11.478>: [Info] (AZCore): [System] Font initialization
<2021-11-01 08:54:11.478>: [Info]: Using FreeType 2.5.0
<2021-11-01 08:54:22.798>: [Info] (AZCore): [System] Time initialization
<2021-11-01 08:54:22.798>: [Info] (AZCore): [System] Input initialization
<2021-11-01 08:54:22.798>: [Info] (AZCore): [System] UI system initialization
<2021-11-01 08:54:22.798>: [Info] (AZCore): [System] Initializing Animation System
<2021-11-01 08:54:22.799>: [Info] (AZCore): [System] Initializing 3D Engine
<2021-11-01 08:54:22.801>: [Info]: Sky light: Optical lookup tables loaded off disc.
<2021-11-01 08:54:22.802>: [Info] (AZCore): [System] Script System Initialization
<2021-11-01 08:54:22.802>: [Info] (AZCore): [System] Entity system initialization
<2021-11-01 08:54:22.804>: [Info] (AZCore): [System] Initializing additional systems
<2021-11-01 08:54:22.804>: [Info] (AZCore): [System] Dynamic Response System initialization
<2021-11-01 08:54:22.804>: [Info] (AZCore): [System] No Dynamic Response System was loaded from a module, the system will use the NULL DynamicResponseSystem.
<2021-11-01 08:54:22.804>: [Info]: LmbrAWS system initialization
<2021-11-01 08:54:22.804>: [Info]: Running machine spec auto detect (64 bit)...
<2021-11-01 08:54:22.805>: [Info]: - Windows 10 64 bit (build 10.0.19042)
<2021-11-01 08:54:22.805>: [Info]: - System memory
<2021-11-01 08:54:22.805>: [Info]: --- 16313 MB
<2021-11-01 08:54:22.805>: [Info]: - Intel(R) Core(TM) i7-8700 CPU @ 3.20GHz
<2021-11-01 08:54:22.805>: [Info]: --- Number of available cores: 6 (out of 6)
<2021-11-01 08:54:22.805>: [Info]: --- Number of logical processors: 12
<2021-11-01 08:54:23.156>: [Info]: - NVIDIA GeForce RTX 2080 (vendor = 0x10de, device = 0x1e87)
<2021-11-01 08:54:23.156>: [Info]: --- Dedicated video memory: 8010 MB
<2021-11-01 08:54:23.156>: [Info]: --- Feature level: DX11 (SM 5.0)
<2021-11-01 08:54:23.157>: [Info]: - Final rating: Machine class 3
<2021-11-01 08:54:27.433>: [Info] (AZCore): [System] == Version Info ===============================================================

<2021-11-01 08:54:27.433>: [Info] (AZCore): [System] [RETAIL].Javelin.1.9.275.1467185

<2021-11-01 08:54:27.433>: [Info] (AZCore): [System] ===============================================================================

<2021-11-01 08:54:27.442>: [Info]: Client config override file not found: @assets@/ClientOverride.json
<2021-11-01 08:54:28.529>: [Info] (AZCore): [Game] Steam Initialized!
<2021-11-01 08:54:28.529>: [Info] (AZCore): [Game] Using remote config: true
<2021-11-01 08:54:28.529>: [Info] (AZCore): [Game] Steam Utils obtained? true
<2021-11-01 08:54:28.529>: [Info] (AZCore): [Game] Using Steam App ID: 1063730
<2021-11-01 08:54:28.529>: [Info]: Channel service uri: https://d2c74t4zimux3r.cloudfront.net/STEAM_APP_ID.1063730.json
<2021-11-01 08:54:28.966>: [Info]: Channel name: Retail
<2021-11-01 08:54:28.966>: [Info]: Found cluster data for cluster id: fra-prod
<2021-11-01 08:54:28.966>: [Info]: Display Name: EU Central
<2021-11-01 08:54:28.966>: [Info]: Auth Stack: https://2mfrik7h83.execute-api.us-east-1.amazonaws.com/Prod
<2021-11-01 08:54:28.966>: [Info]: Auth Stack Region: us-east-1
<2021-11-01 08:54:28.966>: [Info]: Gateway Host: u433g9r00c.execute-api.eu-central-1.amazonaws.com
<2021-11-01 08:54:28.966>: [Info]: Gateway Stack: d1w0bfy6smo4d1.cloudfront.net
<2021-11-01 08:54:28.966>: [Info]: Gateway Stack Region: eu-central-1
<2021-11-01 08:54:28.966>: [Info]: Http Gateway Stack: https://d1w0bfy6smo4d1.cloudfront.net/prod
<2021-11-01 08:54:28.966>: [Info]: Http Gateway Stack Region: eu-central-1
<2021-11-01 08:54:28.966>: [Info]: Found cluster data for cluster id: gru-prod
<2021-11-01 08:54:28.966>: [Info]: Display Name: SA East
<2021-11-01 08:54:28.966>: [Info]: Auth Stack: https://kqqt5twsi7.execute-api.us-east-1.amazonaws.com/Prod
<2021-11-01 08:54:28.966>: [Info]: Auth Stack Region: us-east-1
<2021-11-01 08:54:28.966>: [Info]: Gateway Host: j4n6whncmi.execute-api.sa-east-1.amazonaws.com
<2021-11-01 08:54:28.966>: [Info]: Gateway Stack: d1cjlmzk0xrm0z.cloudfront.net
<2021-11-01 08:54:28.966>: [Info]: Gateway Stack Region: sa-east-1
<2021-11-01 08:54:28.966>: [Info]: Http Gateway Stack: https://d1cjlmzk0xrm0z.cloudfront.net/prod
<2021-11-01 08:54:28.966>: [Info]: Http Gateway Stack Region: sa-east-1
<2021-11-01 08:54:28.966>: [Info]: Found cluster data for cluster id: iad-prod
<2021-11-01 08:54:28.966>: [Info]: Display Name: US East
<2021-11-01 08:54:28.966>: [Info]: Auth Stack: https://eudbjx6mig.execute-api.us-east-1.amazonaws.com/Prod
<2021-11-01 08:54:28.966>: [Info]: Auth Stack Region: us-east-1
<2021-11-01 08:54:28.966>: [Info]: Gateway Host: 0prplal5u1.execute-api.us-east-1.amazonaws.com
<2021-11-01 08:54:28.966>: [Info]: Gateway Stack: d2oeuvxi3kfsrw.cloudfront.net
<2021-11-01 08:54:28.966>: [Info]: Gateway Stack Region: us-east-1
<2021-11-01 08:54:28.966>: [Info]: Http Gateway Stack: https://d2oeuvxi3kfsrw.cloudfront.net/prod
<2021-11-01 08:54:28.966>: [Info]: Http Gateway Stack Region: us-east-1
<2021-11-01 08:54:28.966>: [Info]: Found cluster data for cluster id: pdx-prod
<2021-11-01 08:54:28.966>: [Info]: Display Name: US West
<2021-11-01 08:54:28.966>: [Info]: Auth Stack: https://q8hqllbg6k.execute-api.us-east-1.amazonaws.com/Prod
<2021-11-01 08:54:28.966>: [Info]: Auth Stack Region: us-east-1
<2021-11-01 08:54:28.966>: [Info]: Gateway Host: v7irlu1nrl.execute-api.us-west-2.amazonaws.com
<2021-11-01 08:54:28.966>: [Info]: Gateway Stack: d3bj4csovi1fe8.cloudfront.net
<2021-11-01 08:54:28.966>: [Info]: Gateway Stack Region: us-west-2
<2021-11-01 08:54:28.966>: [Info]: Http Gateway Stack: https://d3bj4csovi1fe8.cloudfront.net/prod
<2021-11-01 08:54:28.966>: [Info]: Http Gateway Stack Region: us-west-2
<2021-11-01 08:54:28.966>: [Info]: Found platform metadata for key: ENTITLEMENTS.STEAM_APP_ID.1063730
<2021-11-01 08:54:28.966>: [Info]: Found platform metadata for key: PERSONA.STEAM_APP_ID.1063730
<2021-11-01 08:54:28.966>: [Info]: Found persona role for cluster id: fra-prod - arn:aws:iam::093607389475:role/AgsLiveResources-AllowPersonaAccessRole-1U24RJQDKWS63
<2021-11-01 08:54:28.966>: [Info]: Found persona role for cluster id: fra-qa - arn:aws:iam::544220128841:role/AgsLiveResources-AllowPersonaAccessRole-PSN32B5D8G0L
<2021-11-01 08:54:28.966>: [Info]: Found persona role for cluster id: fra-staging - arn:aws:iam::411585047658:role/AgsLiveResources-AllowPersonaAccessRole-709I6ZY9EAFH
<2021-11-01 08:54:28.966>: [Info]: Found persona role for cluster id: gru-prod - arn:aws:iam::845253724667:role/AgsLiveResources-AllowPersonaAccessRole-SLHVYULH7U5
<2021-11-01 08:54:28.966>: [Info]: Found persona role for cluster id: iad-prod - arn:aws:iam::819349112573:role/AgsLiveResources-AllowPersonaAccessRole-1PHH0BI346X75
<2021-11-01 08:54:28.966>: [Info]: Found persona role for cluster id: iad-staging - arn:aws:iam::910532829260:role/AgsLiveResources-AllowPersonaAccessRole-OXG60NCUXR74
<2021-11-01 08:54:28.966>: [Info]: Found persona role for cluster id: pdx-devo - arn:aws:iam::166847089677:role/AgsLiveResources-AllowPersonaAccessRole-15NKM8MRPA2BX
<2021-11-01 08:54:28.966>: [Info]: Found persona role for cluster id: pdx-prod - arn:aws:iam::458929010575:role/AgsLiveResources-AllowPersonaAccessRole-QYL4I8P12BEA
<2021-11-01 08:54:28.966>: [Info]: Found persona role for cluster id: pdx-qa - arn:aws:iam::379061375310:role/AgsLiveResources-AllowPersonaAccessRole-116SW3GWSL7P1
<2021-11-01 08:54:28.966>: [Info]: Found persona role for cluster id: syd-prod - arn:aws:iam::018141801470:role/AgsLiveResources-AllowPersonaAccessRole-1CPZ9EG8SYMOQ
<2021-11-01 08:54:28.966>: [Info]: Found cluster data for cluster id: syd-prod
<2021-11-01 08:54:28.966>: [Info]: Display Name: AP Southeast
<2021-11-01 08:54:28.966>: [Info]: Auth Stack: https://hhf8nn71vb.execute-api.us-east-1.amazonaws.com/Prod
<2021-11-01 08:54:28.966>: [Info]: Auth Stack Region: us-east-1
<2021-11-01 08:54:28.966>: [Info]: Gateway Host: ep1m9qoir8.execute-api.ap-southeast-2.amazonaws.com
<2021-11-01 08:54:28.966>: [Info]: Gateway Stack: de4mfzk9wkelz.cloudfront.net
<2021-11-01 08:54:28.966>: [Info]: Gateway Stack Region: ap-southeast-2
<2021-11-01 08:54:28.966>: [Info]: Http Gateway Stack: https://de4mfzk9wkelz.cloudfront.net/prod
<2021-11-01 08:54:28.966>: [Info]: Http Gateway Stack Region: ap-southeast-2
<2021-11-01 08:54:32.461>: [Info]: Failure in initializing Fuel::Iap::IapClient: 14
<2021-11-01 08:54:32.462>: [Info] (AZCore): [Game] LogEnvironmentString: ProductId: STEAM_APP_ID.1063730
<2021-11-01 08:54:32.463>: [Info] (AZCore): [Game] LogEnvironmentString: ClusterId: fra-prod
<2021-11-01 08:54:32.466>: [Info] (AZCore): [StackConfig] LayerS3(): layer's "remoteCfg.public.RegionId" S3 key (old: ""), reset to new value: "applications/public/configuration-sets/RegionId/fra-prod/versionless"
<2021-11-01 08:54:32.466>: [Info] (AZCore): [StackConfig] LayerS3(): layer's "remoteCfg.public.RegionIdv" S3 key (old: ""), reset to new value: "applications/public/configuration-sets/RegionId/fra-prod/275;1467185"
<2021-11-01 08:54:32.466>: [Info] (AZCore): [StackConfig] LayerS3(): layer's "remoteCfg.public.CognitoId" S3 key (old: ""), reset to new value: "applications/public/configuration-sets/CognitoId/us-east-1:0de93f7c-814e-4d48-a8fd-b6efc2f9ed93/versionless"
<2021-11-01 08:54:32.466>: [Info] (AZCore): [StackConfig] LayerS3(): layer's "remoteCfg.public.CognitoIdv" S3 key (old: ""), reset to new value: "applications/public/configuration-sets/CognitoId/us-east-1:0de93f7c-814e-4d48-a8fd-b6efc2f9ed93/275;1467185"
<2021-11-01 08:54:32.466>: [Info] (AZCore): [StackConfig] LayerS3(): layer's "remoteCfg.publicGameplay.RegionId" S3 key (old: ""), reset to new value: "applications/publicGameplay/configuration-sets/RegionId/fra-prod/versionless"
<2021-11-01 08:54:32.466>: [Info] (AZCore): [StackConfig] LayerS3(): layer's "remoteCfg.publicGameplay.RegionIdv" S3 key (old: ""), reset to new value: "applications/publicGameplay/configuration-sets/RegionId/fra-prod/275;1467185"
<2021-11-01 08:54:32.466>: [Info] (AZCore): [StackConfig] LayerS3(): layer's "remoteCfg.publicGameplay.CognitoId" S3 key (old: ""), reset to new value: "applications/publicGameplay/configuration-sets/CognitoId/us-east-1:0de93f7c-814e-4d48-a8fd-b6efc2f9ed93/versionless"
<2021-11-01 08:54:32.466>: [Info] (AZCore): [StackConfig] LayerS3(): layer's "remoteCfg.publicGameplay.CognitoIdv" S3 key (old: ""), reset to new value: "applications/publicGameplay/configuration-sets/CognitoId/us-east-1:0de93f7c-814e-4d48-a8fd-b6efc2f9ed93/275;1467185"
<2021-11-01 08:54:32.466>: [Info] (AZCore): [AuthManager] Initializing Steam Auth Manager.
<2021-11-01 08:54:32.466>: [Info] (AZCore): [SteamAuth] Initializing Persona.
<2021-11-01 08:54:32.501>: [Info]: [EasyAntiCheat] Initializing EAC game client module...
<2021-11-01 08:54:32.511>: [Info]: [EasyAntiCheat] ...EAC game client module initialized successfully.
<2021-11-01 08:54:33.078>: [Info]: Initializing default materials...
<2021-11-01 08:54:33.531>: [Info] (AZCore): [streamingGDEManager] Initialize()
<2021-11-01 08:54:33.531>: [Info] (AZCore): [AsyncMapUnload] No previous level to unload, so not starting async.  Just loading this map now: ("frontendv2")
<2021-11-01 08:54:33.531>: [Info]: ============================ Loading level frontendv2 ============================
<2021-11-01 08:54:35.469>: [Info]: Loading Seen Entitlements Data failed.
<2021-11-01 08:54:44.309>: [Info]: CryAnimation: character-definition not found: objects/characters/player/male/feminineShamanMT5/female_feminineShamanMT5.cdf
<2021-11-01 08:54:45.716>: [Info]: CryAnimation: character-definition not found: objects/characters/player/male/feminineRangerT2/female_feminineRangerT2.cdf
<2021-11-01 08:54:46.803>: [Info]: CryAnimation: character-definition not found: objects/characters/player/male/feminineRegalT2/female_feminineRegalT2.cdf
<2021-11-01 08:54:47.343>: [Info]: CGame::InitCoatlicueTerrain
<2021-11-01 08:54:47.451>: [Info] (AZCore): [Game] 0x441F4C03(user) attempting sign-in.
<2021-11-01 08:54:47.451>: [Info] (AZCore): [Game] LogEnvironmentString: Auth Mode: user
<2021-11-01 08:54:47.451>: [Info] (AZCore): [SteamAuth] Attempting to log in to Steam
<2021-11-01 08:54:47.451>: [Info] (AZCore): [SteamAuth] Getting steam auth session ticket.
<2021-11-01 08:54:47.996>: [Info] (AZCore): [SteamAuth] OnAuthSessionTicket: Authenticating using steam auth session ticket: 2
<2021-11-01 08:54:48.001>: [Info] (AZCore): [SteamAuth] CreateSteamSessionJob: Calling Persona to create steam session
<2021-11-01 08:54:49.589>: [Info] (AZCore): [SteamAuth] OnCreatedSessionSteam: Creating session for persona id: amzn1.developerPersonaId.c9845752-8ce1-a0eb-f867-a3257e2f9c6d.
<2021-11-01 08:54:49.589>: [Info] (AZCore): [SteamAuth] Calling Http API: https://d1w0bfy6smo4d1.cloudfront.net/prod/credentials
<2021-11-01 08:54:50.133>: [Info] (AZCore): [AuthStackCredentialsProvider] Successfully refreshed gateway AWS credentials, next attempt will start after 2021-11-01T09:49:50Z
<2021-11-01 08:54:50.133>: [Info] (AZCore): [AuthStackCredentialsProvider] Successfully refreshed persona AWS credentials, next attempt will start after 2021-11-01T09:49:50Z
<2021-11-01 08:54:50.149>: [Info] (AZCore): [Game] CGame::OnCampfireLoginComplete, login successful.
<2021-11-01 08:54:50.149>: [Info] (AZCore): [Game] LogEnvironmentString: Gateway Signing Host: u433g9r00c.execute-api.eu-central-1.amazonaws.com
<2021-11-01 08:54:50.149>: [Info] (AZCore): [Game] LogEnvironmentString: Gateway Address: d1w0bfy6smo4d1.cloudfront.net
<2021-11-01 08:54:50.149>: [Info] (AZCore): [Game] LogEnvironmentString: HTTP Gateway Address: https://d1w0bfy6smo4d1.cloudfront.net/prod
<2021-11-01 08:54:50.149>: [Info] (AZCore): [Game] LogEnvironmentString: Gateway Mode: gateway
<2021-11-01 08:54:50.149>: [Info] (AZCore): [GameConnection] ConfigureLogin MODE_GATEWAY: endpoint=d1w0bfy6smo4d1.cloudfront.net, httpEntpoint=https://d1w0bfy6smo4d1.cloudfront.net/prod, region=eu-central-1
<2021-11-01 08:54:50.153>: [Info] (AZCore): [StackConfig] LayerS3(): layer's "remoteCfg.public.ProductId" S3 key (old: ""), reset to new value: "applications/public/configuration-sets/ProductId/STEAM_APP_ID.1063730/versionless"
<2021-11-01 08:54:51.074>: [Info] (AZCore): [StackConfig] Retrieved layer's "remoteCfg.public.ProductId" blocking remote config, with S3 key: "applications/public/configuration-sets/ProductId/STEAM_APP_ID.1063730/versionless" successfully, size: 252

<2021-11-01 08:54:51.077>: [Info] (AZCore): [StackConfig] LayerS3(): layer's "remoteCfg.public.ProductIdv" S3 key (old: ""), reset to new value: "applications/public/configuration-sets/ProductId/STEAM_APP_ID.1063730/275;1467185"
<2021-11-01 08:54:51.307>: [Info] (AZCore): [StackConfig] LayerS3(): layer's "remoteCfg.public.RegionId" S3 key (old: "applications/public/configuration-sets/RegionId/fra-prod/versionless"), reset to new value: "applications/public/configuration-sets/RegionId/fra-prod/versionless"
<2021-11-01 08:54:51.539>: [Info] (AZCore): [StackConfig] Retrieved layer's "remoteCfg.public.RegionId" blocking remote config, with S3 key: "applications/public/configuration-sets/RegionId/fra-prod/versionless" successfully, size: 246

<2021-11-01 08:54:51.541>: [Info] (AZCore): [StackConfig] LayerS3(): layer's "remoteCfg.public.RegionIdv" S3 key (old: "applications/public/configuration-sets/RegionId/fra-prod/275;1467185"), reset to new value: "applications/public/configuration-sets/RegionId/fra-prod/275;1467185"
<2021-11-01 08:54:51.777>: [Info] (AZCore): [StackConfig] LayerS3(): layer's "remoteCfg.publicGameplay.ProductId" S3 key (old: ""), reset to new value: "applications/publicGameplay/configuration-sets/ProductId/STEAM_APP_ID.1063730/versionless"
<2021-11-01 08:54:52.008>: [Info] (AZCore): [StackConfig] LayerS3(): layer's "remoteCfg.publicGameplay.ProductIdv" S3 key (old: ""), reset to new value: "applications/publicGameplay/configuration-sets/ProductId/STEAM_APP_ID.1063730/275;1467185"
<2021-11-01 08:54:52.237>: [Info] (AZCore): [StackConfig] LayerS3(): layer's "remoteCfg.publicGameplay.RegionId" S3 key (old: "applications/publicGameplay/configuration-sets/RegionId/fra-prod/versionless"), reset to new value: "applications/publicGameplay/configuration-sets/RegionId/fra-prod/versionless"
<2021-11-01 08:54:52.470>: [Info] (AZCore): [StackConfig] Retrieved layer's "remoteCfg.publicGameplay.RegionId" blocking remote config, with S3 key: "applications/publicGameplay/configuration-sets/RegionId/fra-prod/versionless" successfully, size: 348

<2021-11-01 08:54:52.473>: [Info] (AZCore): [StackConfig] LayerS3(): layer's "remoteCfg.publicGameplay.RegionIdv" S3 key (old: "applications/publicGameplay/configuration-sets/RegionId/fra-prod/275;1467185"), reset to new value: "applications/publicGameplay/configuration-sets/RegionId/fra-prod/275;1467185"
<2021-11-01 08:54:53.705>: [Info] (AZCore): [Game] LogEnvironmentString: Persona ID: amzn1.developerPersonaId.c9845752-8ce1-a0eb-f867-a3257e2f9c6d
<2021-11-01 08:54:54.040>: [Info]: 
<2021-11-01 08:54:54.040>: [Info]: Total number of logical processors: 12
<2021-11-01 08:54:54.040>: [Info]: Number of available logical processors: 12
<2021-11-01 08:54:54.041>: [Info]: Total number of system cores: 6
<2021-11-01 08:54:54.041>: [Info]: Number of cores available to process: 6
<2021-11-01 08:54:54.041>: [Info]:  
<2021-11-01 08:54:54.041>: [Info]: Processor 0:
<2021-11-01 08:54:54.041>: [Info]:   CPU: Intel Intel(R) Core(TM) i7-8700 CPU @ 3.20GHz
<2021-11-01 08:54:54.041>: [Info]:   Family: 6, Model: 14, Stepping: 10
<2021-11-01 08:54:54.041>: [Info]:   FPU: On-Chip
<2021-11-01 08:54:54.041>: [Info]:   3DNow!: not present
<2021-11-01 08:54:54.041>: [Info]:   MMX: not present
<2021-11-01 08:54:54.041>: [Info]:   SSE: present
<2021-11-01 08:54:54.041>: [Info]:   SSE2: present
<2021-11-01 08:54:54.041>: [Info]:   SSE3: present
<2021-11-01 08:54:54.041>: [Info]:   Serial number not present or disabled
<2021-11-01 08:54:54.041>: [Info]:  
<2021-11-01 08:54:54.041>: [Info]: Processor 1:
<2021-11-01 08:54:54.041>: [Info]:   CPU: Intel Intel(R) Core(TM) i7-8700 CPU @ 3.20GHz
<2021-11-01 08:54:54.041>: [Info]:   Family: 6, Model: 14, Stepping: 10
<2021-11-01 08:54:54.041>: [Info]:   FPU: On-Chip
<2021-11-01 08:54:54.041>: [Info]:   3DNow!: not present
<2021-11-01 08:54:54.041>: [Info]:   MMX: not present
<2021-11-01 08:54:54.041>: [Info]:   SSE: present
<2021-11-01 08:54:54.041>: [Info]:   SSE2: present
<2021-11-01 08:54:54.041>: [Info]:   SSE3: present
<2021-11-01 08:54:54.041>: [Info]:   Serial number not present or disabled
<2021-11-01 08:54:54.041>: [Info]:  
<2021-11-01 08:54:54.041>: [Info]: Processor 2:
<2021-11-01 08:54:54.041>: [Info]:   CPU: Intel Intel(R) Core(TM) i7-8700 CPU @ 3.20GHz
<2021-11-01 08:54:54.041>: [Info]:   Family: 6, Model: 14, Stepping: 10
<2021-11-01 08:54:54.041>: [Info]:   FPU: On-Chip
<2021-11-01 08:54:54.041>: [Info]:   3DNow!: not present
<2021-11-01 08:54:54.041>: [Info]:   MMX: not present
<2021-11-01 08:54:54.041>: [Info]:   SSE: present
<2021-11-01 08:54:54.041>: [Info]:   SSE2: present
<2021-11-01 08:54:54.041>: [Info]:   SSE3: present
<2021-11-01 08:54:54.041>: [Info]:   Serial number not present or disabled
<2021-11-01 08:54:54.041>: [Info]:  
<2021-11-01 08:54:54.041>: [Info]: Processor 3:
<2021-11-01 08:54:54.041>: [Info]:   CPU: Intel Intel(R) Core(TM) i7-8700 CPU @ 3.20GHz
<2021-11-01 08:54:54.041>: [Info]:   Family: 6, Model: 14, Stepping: 10
<2021-11-01 08:54:54.041>: [Info]:   FPU: On-Chip
<2021-11-01 08:54:54.041>: [Info]:   3DNow!: not present
<2021-11-01 08:54:54.041>: [Info]:   MMX: not present
<2021-11-01 08:54:54.041>: [Info]:   SSE: present
<2021-11-01 08:54:54.041>: [Info]:   SSE2: present
<2021-11-01 08:54:54.041>: [Info]:   SSE3: present
<2021-11-01 08:54:54.041>: [Info]:   Serial number not present or disabled
<2021-11-01 08:54:54.041>: [Info]:  
<2021-11-01 08:54:54.041>: [Info]: Processor 4:
<2021-11-01 08:54:54.041>: [Info]:   CPU: Intel Intel(R) Core(TM) i7-8700 CPU @ 3.20GHz
<2021-11-01 08:54:54.041>: [Info]:   Family: 6, Model: 14, Stepping: 10
<2021-11-01 08:54:54.041>: [Info]:   FPU: On-Chip
<2021-11-01 08:54:54.041>: [Info]:   3DNow!: not present
<2021-11-01 08:54:54.041>: [Info]:   MMX: not present
<2021-11-01 08:54:54.041>: [Info]:   SSE: present
<2021-11-01 08:54:54.041>: [Info]:   SSE2: present
<2021-11-01 08:54:54.041>: [Info]:   SSE3: present
<2021-11-01 08:54:54.041>: [Info]:   Serial number not present or disabled
<2021-11-01 08:54:54.041>: [Info]:  
<2021-11-01 08:54:54.041>: [Info]: Processor 5:
<2021-11-01 08:54:54.041>: [Info]:   CPU: Intel Intel(R) Core(TM) i7-8700 CPU @ 3.20GHz
<2021-11-01 08:54:54.041>: [Info]:   Family: 6, Model: 14, Stepping: 10
<2021-11-01 08:54:54.041>: [Info]:   FPU: On-Chip
<2021-11-01 08:54:54.041>: [Info]:   3DNow!: not present
<2021-11-01 08:54:54.041>: [Info]:   MMX: not present
<2021-11-01 08:54:54.041>: [Info]:   SSE: present
<2021-11-01 08:54:54.041>: [Info]:   SSE2: present
<2021-11-01 08:54:54.041>: [Info]:   SSE3: present
<2021-11-01 08:54:54.041>: [Info]:   Serial number not present or disabled
<2021-11-01 08:54:54.041>: [Info]:  
<2021-11-01 08:54:54.041>: [Info]: Change detected in analytics configuration. Re-instantiating network traffic reporter
<2021-11-01 08:55:53.810>: [Info]: SerializeOptions: Success
<2021-11-01 08:55:53.810>: [Info]: SerializeOptions: Moving to C:/Users/Sai Prasad/AppData/Roaming/AGS/New World/savedata/temp_usersettings.javsave
<2021-11-01 08:56:20.168>: [Info]: SerializeOptions: Success
<2021-11-01 08:56:20.168>: [Info]: SerializeOptions: Moving to C:/Users/Sai Prasad/AppData/Roaming/AGS/New World/savedata/temp_usersettings.javsave
<2021-11-01 08:56:23.678>: [Info]: SerializeOptions: Success
<2021-11-01 08:56:23.678>: [Info]: SerializeOptions: Moving to C:/Users/Sai Prasad/AppData/Roaming/AGS/New World/savedata/temp_usersettings.javsave
<2021-11-01 08:56:27.136>: [Info] (AZCore): [Game] CGame::ActorContainerDisconnect
<2021-11-01 08:56:27.136>: [Info]: CSystem::Quit invoked from thread 10948 (main is 10948)
<2021-11-01 08:56:27.136>: [Info] (AZCore): [Game] CGame::ActorContainerDisconnect
