<2021-11-01 08:57:33.568>: [Info]: BackupNameAttachment=" Build(1467185) 01 Nov 21 (14 27 33)"  -- used by backup system

<2021-11-01 08:57:33.568>: [Info]: Log Started at local time Mon Nov  1 14:27:33 2021
<2021-11-01 08:57:33.568>: [Info]: Built on Wed Oct 27 02:03:51 2021

<2021-11-01 08:57:33.568>: [Info]: Running 64 bit Windows version
<2021-11-01 08:57:33.568>: [Info]: Executable: NewWorld.exe [AZ_RETAIL_CONFIG]
<2021-11-01 08:57:33.568>: [Info]: FileVersion: 1.9.275.1467185
<2021-11-01 08:57:33.568>: [Info]: ProductVersion: 1.9.275.1467185
<2021-11-01 08:57:33.568>: [Info]: Using Microsoft (tm) C++ Standard Library implementation

<2021-11-01 08:57:33.569>: [Info] (AZCore): [System] Loading system configuration from system_windows_pc.cfg...
<2021-11-01 08:57:33.569>: [Info] (AZCore): [System] GameDir: Assets

<2021-11-01 08:57:34.095>: [Info]: 
<2021-11-01 08:57:34.096>: [Info]: Total number of logical processors: 12
<2021-11-01 08:57:34.096>: [Info]: Number of available logical processors: 12
<2021-11-01 08:57:34.096>: [Info]: Total number of system cores: 6
<2021-11-01 08:57:34.096>: [Info]: Number of cores available to process: 6
<2021-11-01 08:57:34.096>: [Info]:  
<2021-11-01 08:57:34.096>: [Info]: Processor 0:
<2021-11-01 08:57:34.096>: [Info]:   CPU: Intel Intel(R) Core(TM) i7-8700 CPU @ 3.20GHz
<2021-11-01 08:57:34.096>: [Info]:   Family: 6, Model: 14, Stepping: 10
<2021-11-01 08:57:34.096>: [Info]:   FPU: On-Chip
<2021-11-01 08:57:34.096>: [Info]:   3DNow!: not present
<2021-11-01 08:57:34.096>: [Info]:   MMX: not present
<2021-11-01 08:57:34.096>: [Info]:   SSE: present
<2021-11-01 08:57:34.096>: [Info]:   SSE2: present
<2021-11-01 08:57:34.096>: [Info]:   SSE3: present
<2021-11-01 08:57:34.096>: [Info]:   Serial number not present or disabled
<2021-11-01 08:57:34.096>: [Info]:  
<2021-11-01 08:57:34.096>: [Info]: Processor 1:
<2021-11-01 08:57:34.096>: [Info]:   CPU: Intel Intel(R) Core(TM) i7-8700 CPU @ 3.20GHz
<2021-11-01 08:57:34.096>: [Info]:   Family: 6, Model: 14, Stepping: 10
<2021-11-01 08:57:34.096>: [Info]:   FPU: On-Chip
<2021-11-01 08:57:34.096>: [Info]:   3DNow!: not present
<2021-11-01 08:57:34.096>: [Info]:   MMX: not present
<2021-11-01 08:57:34.096>: [Info]:   SSE: present
<2021-11-01 08:57:34.096>: [Info]:   SSE2: present
<2021-11-01 08:57:34.096>: [Info]:   SSE3: present
<2021-11-01 08:57:34.096>: [Info]:   Serial number not present or disabled
<2021-11-01 08:57:34.096>: [Info]:  
<2021-11-01 08:57:34.096>: [Info]: Processor 2:
<2021-11-01 08:57:34.096>: [Info]:   CPU: Intel Intel(R) Core(TM) i7-8700 CPU @ 3.20GHz
<2021-11-01 08:57:34.096>: [Info]:   Family: 6, Model: 14, Stepping: 10
<2021-11-01 08:57:34.096>: [Info]:   FPU: On-Chip
<2021-11-01 08:57:34.096>: [Info]:   3DNow!: not present
<2021-11-01 08:57:34.096>: [Info]:   MMX: not present
<2021-11-01 08:57:34.096>: [Info]:   SSE: present
<2021-11-01 08:57:34.096>: [Info]:   SSE2: present
<2021-11-01 08:57:34.096>: [Info]:   SSE3: present
<2021-11-01 08:57:34.096>: [Info]:   Serial number not present or disabled
<2021-11-01 08:57:34.096>: [Info]:  
<2021-11-01 08:57:34.096>: [Info]: Processor 3:
<2021-11-01 08:57:34.096>: [Info]:   CPU: Intel Intel(R) Core(TM) i7-8700 CPU @ 3.20GHz
<2021-11-01 08:57:34.096>: [Info]:   Family: 6, Model: 14, Stepping: 10
<2021-11-01 08:57:34.096>: [Info]:   FPU: On-Chip
<2021-11-01 08:57:34.096>: [Info]:   3DNow!: not present
<2021-11-01 08:57:34.096>: [Info]:   MMX: not present
<2021-11-01 08:57:34.096>: [Info]:   SSE: present
<2021-11-01 08:57:34.096>: [Info]:   SSE2: present
<2021-11-01 08:57:34.096>: [Info]:   SSE3: present
<2021-11-01 08:57:34.096>: [Info]:   Serial number not present or disabled
<2021-11-01 08:57:34.096>: [Info]:  
<2021-11-01 08:57:34.096>: [Info]: Processor 4:
<2021-11-01 08:57:34.096>: [Info]:   CPU: Intel Intel(R) Core(TM) i7-8700 CPU @ 3.20GHz
<2021-11-01 08:57:34.096>: [Info]:   Family: 6, Model: 14, Stepping: 10
<2021-11-01 08:57:34.096>: [Info]:   FPU: On-Chip
<2021-11-01 08:57:34.096>: [Info]:   3DNow!: not present
<2021-11-01 08:57:34.096>: [Info]:   MMX: not present
<2021-11-01 08:57:34.096>: [Info]:   SSE: present
<2021-11-01 08:57:34.096>: [Info]:   SSE2: present
<2021-11-01 08:57:34.096>: [Info]:   SSE3: present
<2021-11-01 08:57:34.096>: [Info]:   Serial number not present or disabled
<2021-11-01 08:57:34.096>: [Info]:  
<2021-11-01 08:57:34.096>: [Info]: Processor 5:
<2021-11-01 08:57:34.096>: [Info]:   CPU: Intel Intel(R) Core(TM) i7-8700 CPU @ 3.20GHz
<2021-11-01 08:57:34.096>: [Info]:   Family: 6, Model: 14, Stepping: 10
<2021-11-01 08:57:34.096>: [Info]:   FPU: On-Chip
<2021-11-01 08:57:34.096>: [Info]:   3DNow!: not present
<2021-11-01 08:57:34.096>: [Info]:   MMX: not present
<2021-11-01 08:57:34.096>: [Info]:   SSE: present
<2021-11-01 08:57:34.096>: [Info]:   SSE2: present
<2021-11-01 08:57:34.096>: [Info]:   SSE3: present
<2021-11-01 08:57:34.096>: [Info]:   Serial number not present or disabled
<2021-11-01 08:57:34.096>: [Info]:  
<2021-11-01 08:57:34.096>: [Info]: Windows 10 64 bit (build 10.0.19042)
<2021-11-01 08:57:34.096>: [Info]: System language: English
<2021-11-01 08:57:34.096>: [Info]: Windows Directory: "C:\WINDOWS"
<2021-11-01 08:57:34.096>: [Info]: Local time is 14:27:34 11/01/21, system running for 894 minutes
<2021-11-01 08:57:34.096>: [Info]: 16314MB physical memory installed, 11032MB available, 134217727MB virtual memory installed, 32 percent of memory in use
<2021-11-01 08:57:34.096>: [Info]: PageFile usage: 162MB, Working Set: 204MB, Peak PageFile usage: 332MB,
<2021-11-01 08:57:34.096>: [Info]: Current display mode is 78043832, (Unknown graphics card)
<2021-11-01 08:57:34.097>: [Info]: IBM enhanced (101/102-key) keyboard and 5+ button mouse installed
<2021-11-01 08:57:34.097>: [Info]: --------------------------------------------------------------------------------
<2021-11-01 08:57:34.098>: [Info] (AZCore): [System] Stream Engine Initialization
<2021-11-01 08:57:34.098>: [Info]: GameName: New World
<2021-11-01 08:57:34.098>: [Info]: BuildTime: Wed Oct 27 02:03:51 2021

<2021-11-01 08:57:34.098>: [Info] (AZCore): [System] Physics initialization
<2021-11-01 08:57:34.099>: [Info] (AZCore): [System] Renderer initialization
<2021-11-01 08:57:34.100>: [Info]: Logging video adapters:
<2021-11-01 08:57:35.713>: [Info]: - NVIDIA GeForce RTX 2080 (vendor = 0x10de, device = 0x1e87)
<2021-11-01 08:57:35.713>: [Info]:   - Adapter index: 0
<2021-11-01 08:57:35.713>: [Info]:   - Dedicated video memory: 8010 MB
<2021-11-01 08:57:35.713>: [Info]:   - Feature level: DX11 (SM 5.0)
<2021-11-01 08:57:35.713>: [Info]:   - Displays connected: yes
<2021-11-01 08:57:35.713>: [Info]:   - Suitable rendering device: yes
<2021-11-01 08:57:35.887>: [Info]: - Microsoft Basic Render Driver (vendor = 0x1414, device = 0x008c)
<2021-11-01 08:57:35.887>: [Info]:   - Adapter index: 1
<2021-11-01 08:57:35.887>: [Info]:   - Dedicated video memory: 0 MB
<2021-11-01 08:57:35.887>: [Info]:   - Feature level: DX11 (SM 5.0)
<2021-11-01 08:57:35.887>: [Info]:   - Displays connected: no
<2021-11-01 08:57:35.887>: [Info]:   - Suitable rendering device: no
<2021-11-01 08:57:38.004>: [Info]: Active GPUs: 1
<2021-11-01 08:57:38.471>: [Info]: [Renderer] A display device has been connected to the system
<2021-11-01 08:57:38.811>: [Info] (AZCore): [Audio] AudioSystem initialized in High Ram mode. Available RAM [16313]MB, LowRam cutoff is [9216]MB
<2021-11-01 08:57:39.770>: [Info] (AZCore): [System] Font initialization
<2021-11-01 08:57:39.770>: [Info]: Using FreeType 2.5.0
<2021-11-01 08:57:50.014>: [Info] (AZCore): [System] Time initialization
<2021-11-01 08:57:50.014>: [Info] (AZCore): [System] Input initialization
<2021-11-01 08:57:50.014>: [Info] (AZCore): [System] UI system initialization
<2021-11-01 08:57:50.014>: [Info] (AZCore): [System] Initializing Animation System
<2021-11-01 08:57:50.014>: [Info] (AZCore): [System] Initializing 3D Engine
<2021-11-01 08:57:50.015>: [Info]: Sky light: Optical lookup tables loaded off disc.
<2021-11-01 08:57:50.016>: [Info] (AZCore): [System] Script System Initialization
<2021-11-01 08:57:50.016>: [Info] (AZCore): [System] Entity system initialization
<2021-11-01 08:57:50.017>: [Info] (AZCore): [System] Initializing additional systems
<2021-11-01 08:57:50.017>: [Info] (AZCore): [System] Dynamic Response System initialization
<2021-11-01 08:57:50.017>: [Info] (AZCore): [System] No Dynamic Response System was loaded from a module, the system will use the NULL DynamicResponseSystem.
<2021-11-01 08:57:50.017>: [Info]: LmbrAWS system initialization
<2021-11-01 08:57:50.017>: [Info]: Running machine spec auto detect (64 bit)...
<2021-11-01 08:57:50.017>: [Info]: - Windows 10 64 bit (build 10.0.19042)
<2021-11-01 08:57:50.017>: [Info]: - System memory
<2021-11-01 08:57:50.017>: [Info]: --- 16313 MB
<2021-11-01 08:57:50.017>: [Info]: - Intel(R) Core(TM) i7-8700 CPU @ 3.20GHz
<2021-11-01 08:57:50.017>: [Info]: --- Number of available cores: 6 (out of 6)
<2021-11-01 08:57:50.017>: [Info]: --- Number of logical processors: 12
<2021-11-01 08:57:50.252>: [Info]: - NVIDIA GeForce RTX 2080 (vendor = 0x10de, device = 0x1e87)
<2021-11-01 08:57:50.252>: [Info]: --- Dedicated video memory: 8010 MB
<2021-11-01 08:57:50.252>: [Info]: --- Feature level: DX11 (SM 5.0)
<2021-11-01 08:57:50.253>: [Info]: - Final rating: Machine class 3
<2021-11-01 08:57:53.085>: [Info] (AZCore): [System] == Version Info ===============================================================

<2021-11-01 08:57:53.085>: [Info] (AZCore): [System] [RETAIL].Javelin.1.9.275.1467185

<2021-11-01 08:57:53.085>: [Info] (AZCore): [System] ===============================================================================

<2021-11-01 08:57:53.093>: [Info]: Client config override file not found: @assets@/ClientOverride.json
<2021-11-01 08:57:53.949>: [Info] (AZCore): [Game] Steam Initialized!
<2021-11-01 08:57:53.949>: [Info] (AZCore): [Game] Using remote config: true
<2021-11-01 08:57:53.949>: [Info] (AZCore): [Game] Steam Utils obtained? true
<2021-11-01 08:57:53.949>: [Info] (AZCore): [Game] Using Steam App ID: 1063730
<2021-11-01 08:57:53.949>: [Info]: Channel service uri: https://d2c74t4zimux3r.cloudfront.net/STEAM_APP_ID.1063730.json
<2021-11-01 08:57:54.247>: [Info]: Channel name: Retail
<2021-11-01 08:57:54.247>: [Info]: Found cluster data for cluster id: fra-prod
<2021-11-01 08:57:54.247>: [Info]: Display Name: EU Central
<2021-11-01 08:57:54.247>: [Info]: Auth Stack: https://2mfrik7h83.execute-api.us-east-1.amazonaws.com/Prod
<2021-11-01 08:57:54.247>: [Info]: Auth Stack Region: us-east-1
<2021-11-01 08:57:54.247>: [Info]: Gateway Host: u433g9r00c.execute-api.eu-central-1.amazonaws.com
<2021-11-01 08:57:54.247>: [Info]: Gateway Stack: d1w0bfy6smo4d1.cloudfront.net
<2021-11-01 08:57:54.247>: [Info]: Gateway Stack Region: eu-central-1
<2021-11-01 08:57:54.247>: [Info]: Http Gateway Stack: https://d1w0bfy6smo4d1.cloudfront.net/prod
<2021-11-01 08:57:54.247>: [Info]: Http Gateway Stack Region: eu-central-1
<2021-11-01 08:57:54.247>: [Info]: Found cluster data for cluster id: gru-prod
<2021-11-01 08:57:54.247>: [Info]: Display Name: SA East
<2021-11-01 08:57:54.247>: [Info]: Auth Stack: https://kqqt5twsi7.execute-api.us-east-1.amazonaws.com/Prod
<2021-11-01 08:57:54.247>: [Info]: Auth Stack Region: us-east-1
<2021-11-01 08:57:54.247>: [Info]: Gateway Host: j4n6whncmi.execute-api.sa-east-1.amazonaws.com
<2021-11-01 08:57:54.247>: [Info]: Gateway Stack: d1cjlmzk0xrm0z.cloudfront.net
<2021-11-01 08:57:54.247>: [Info]: Gateway Stack Region: sa-east-1
<2021-11-01 08:57:54.247>: [Info]: Http Gateway Stack: https://d1cjlmzk0xrm0z.cloudfront.net/prod
<2021-11-01 08:57:54.247>: [Info]: Http Gateway Stack Region: sa-east-1
<2021-11-01 08:57:54.247>: [Info]: Found cluster data for cluster id: iad-prod
<2021-11-01 08:57:54.247>: [Info]: Display Name: US East
<2021-11-01 08:57:54.247>: [Info]: Auth Stack: https://eudbjx6mig.execute-api.us-east-1.amazonaws.com/Prod
<2021-11-01 08:57:54.247>: [Info]: Auth Stack Region: us-east-1
<2021-11-01 08:57:54.247>: [Info]: Gateway Host: 0prplal5u1.execute-api.us-east-1.amazonaws.com
<2021-11-01 08:57:54.247>: [Info]: Gateway Stack: d2oeuvxi3kfsrw.cloudfront.net
<2021-11-01 08:57:54.247>: [Info]: Gateway Stack Region: us-east-1
<2021-11-01 08:57:54.247>: [Info]: Http Gateway Stack: https://d2oeuvxi3kfsrw.cloudfront.net/prod
<2021-11-01 08:57:54.247>: [Info]: Http Gateway Stack Region: us-east-1
<2021-11-01 08:57:54.247>: [Info]: Found cluster data for cluster id: pdx-prod
<2021-11-01 08:57:54.247>: [Info]: Display Name: US West
<2021-11-01 08:57:54.247>: [Info]: Auth Stack: https://q8hqllbg6k.execute-api.us-east-1.amazonaws.com/Prod
<2021-11-01 08:57:54.247>: [Info]: Auth Stack Region: us-east-1
<2021-11-01 08:57:54.247>: [Info]: Gateway Host: v7irlu1nrl.execute-api.us-west-2.amazonaws.com
<2021-11-01 08:57:54.247>: [Info]: Gateway Stack: d3bj4csovi1fe8.cloudfront.net
<2021-11-01 08:57:54.247>: [Info]: Gateway Stack Region: us-west-2
<2021-11-01 08:57:54.247>: [Info]: Http Gateway Stack: https://d3bj4csovi1fe8.cloudfront.net/prod
<2021-11-01 08:57:54.247>: [Info]: Http Gateway Stack Region: us-west-2
<2021-11-01 08:57:54.247>: [Info]: Found platform metadata for key: ENTITLEMENTS.STEAM_APP_ID.1063730
<2021-11-01 08:57:54.247>: [Info]: Found platform metadata for key: PERSONA.STEAM_APP_ID.1063730
<2021-11-01 08:57:54.247>: [Info]: Found persona role for cluster id: fra-prod - arn:aws:iam::093607389475:role/AgsLiveResources-AllowPersonaAccessRole-1U24RJQDKWS63
<2021-11-01 08:57:54.247>: [Info]: Found persona role for cluster id: fra-qa - arn:aws:iam::544220128841:role/AgsLiveResources-AllowPersonaAccessRole-PSN32B5D8G0L
<2021-11-01 08:57:54.247>: [Info]: Found persona role for cluster id: fra-staging - arn:aws:iam::411585047658:role/AgsLiveResources-AllowPersonaAccessRole-709I6ZY9EAFH
<2021-11-01 08:57:54.247>: [Info]: Found persona role for cluster id: gru-prod - arn:aws:iam::845253724667:role/AgsLiveResources-AllowPersonaAccessRole-SLHVYULH7U5
<2021-11-01 08:57:54.247>: [Info]: Found persona role for cluster id: iad-prod - arn:aws:iam::819349112573:role/AgsLiveResources-AllowPersonaAccessRole-1PHH0BI346X75
<2021-11-01 08:57:54.247>: [Info]: Found persona role for cluster id: iad-staging - arn:aws:iam::910532829260:role/AgsLiveResources-AllowPersonaAccessRole-OXG60NCUXR74
<2021-11-01 08:57:54.247>: [Info]: Found persona role for cluster id: pdx-devo - arn:aws:iam::166847089677:role/AgsLiveResources-AllowPersonaAccessRole-15NKM8MRPA2BX
<2021-11-01 08:57:54.247>: [Info]: Found persona role for cluster id: pdx-prod - arn:aws:iam::458929010575:role/AgsLiveResources-AllowPersonaAccessRole-QYL4I8P12BEA
<2021-11-01 08:57:54.247>: [Info]: Found persona role for cluster id: pdx-qa - arn:aws:iam::379061375310:role/AgsLiveResources-AllowPersonaAccessRole-116SW3GWSL7P1
<2021-11-01 08:57:54.247>: [Info]: Found persona role for cluster id: syd-prod - arn:aws:iam::018141801470:role/AgsLiveResources-AllowPersonaAccessRole-1CPZ9EG8SYMOQ
<2021-11-01 08:57:54.247>: [Info]: Found cluster data for cluster id: syd-prod
<2021-11-01 08:57:54.247>: [Info]: Display Name: AP Southeast
<2021-11-01 08:57:54.247>: [Info]: Auth Stack: https://hhf8nn71vb.execute-api.us-east-1.amazonaws.com/Prod
<2021-11-01 08:57:54.247>: [Info]: Auth Stack Region: us-east-1
<2021-11-01 08:57:54.247>: [Info]: Gateway Host: ep1m9qoir8.execute-api.ap-southeast-2.amazonaws.com
<2021-11-01 08:57:54.247>: [Info]: Gateway Stack: de4mfzk9wkelz.cloudfront.net
<2021-11-01 08:57:54.247>: [Info]: Gateway Stack Region: ap-southeast-2
<2021-11-01 08:57:54.247>: [Info]: Http Gateway Stack: https://de4mfzk9wkelz.cloudfront.net/prod
<2021-11-01 08:57:54.247>: [Info]: Http Gateway Stack Region: ap-southeast-2
<2021-11-01 08:57:56.501>: [Info]: Failure in initializing Fuel::Iap::IapClient: 14
<2021-11-01 08:57:56.501>: [Info] (AZCore): [Game] LogEnvironmentString: ProductId: STEAM_APP_ID.1063730
<2021-11-01 08:57:56.502>: [Info] (AZCore): [Game] LogEnvironmentString: ClusterId: syd-prod
<2021-11-01 08:57:56.503>: [Info] (AZCore): [StackConfig] LayerS3(): layer's "remoteCfg.public.RegionId" S3 key (old: ""), reset to new value: "applications/public/configuration-sets/RegionId/syd-prod/versionless"
<2021-11-01 08:57:56.503>: [Info] (AZCore): [StackConfig] LayerS3(): layer's "remoteCfg.public.RegionIdv" S3 key (old: ""), reset to new value: "applications/public/configuration-sets/RegionId/syd-prod/275;1467185"
<2021-11-01 08:57:56.503>: [Info] (AZCore): [StackConfig] LayerS3(): layer's "remoteCfg.public.CognitoId" S3 key (old: ""), reset to new value: "applications/public/configuration-sets/CognitoId/us-east-1:b218b3f3-2d38-469f-92b7-a8414369d22b/versionless"
<2021-11-01 08:57:56.503>: [Info] (AZCore): [StackConfig] LayerS3(): layer's "remoteCfg.public.CognitoIdv" S3 key (old: ""), reset to new value: "applications/public/configuration-sets/CognitoId/us-east-1:b218b3f3-2d38-469f-92b7-a8414369d22b/275;1467185"
<2021-11-01 08:57:56.503>: [Info] (AZCore): [StackConfig] LayerS3(): layer's "remoteCfg.publicGameplay.RegionId" S3 key (old: ""), reset to new value: "applications/publicGameplay/configuration-sets/RegionId/syd-prod/versionless"
<2021-11-01 08:57:56.503>: [Info] (AZCore): [StackConfig] LayerS3(): layer's "remoteCfg.publicGameplay.RegionIdv" S3 key (old: ""), reset to new value: "applications/publicGameplay/configuration-sets/RegionId/syd-prod/275;1467185"
<2021-11-01 08:57:56.503>: [Info] (AZCore): [StackConfig] LayerS3(): layer's "remoteCfg.publicGameplay.CognitoId" S3 key (old: ""), reset to new value: "applications/publicGameplay/configuration-sets/CognitoId/us-east-1:b218b3f3-2d38-469f-92b7-a8414369d22b/versionless"
<2021-11-01 08:57:56.503>: [Info] (AZCore): [StackConfig] LayerS3(): layer's "remoteCfg.publicGameplay.CognitoIdv" S3 key (old: ""), reset to new value: "applications/publicGameplay/configuration-sets/CognitoId/us-east-1:b218b3f3-2d38-469f-92b7-a8414369d22b/275;1467185"
<2021-11-01 08:57:56.503>: [Info] (AZCore): [AuthManager] Initializing Steam Auth Manager.
<2021-11-01 08:57:56.504>: [Info] (AZCore): [SteamAuth] Initializing Persona.
<2021-11-01 08:57:56.523>: [Info]: [EasyAntiCheat] Initializing EAC game client module...
<2021-11-01 08:57:56.569>: [Info]: [EasyAntiCheat] ...EAC game client module initialized successfully.
<2021-11-01 08:57:57.009>: [Info]: Initializing default materials...
<2021-11-01 08:57:57.325>: [Info] (AZCore): [streamingGDEManager] Initialize()
<2021-11-01 08:57:57.325>: [Info] (AZCore): [AsyncMapUnload] No previous level to unload, so not starting async.  Just loading this map now: ("frontendv2")
<2021-11-01 08:57:57.325>: [Info]: ============================ Loading level frontendv2 ============================
<2021-11-01 08:57:58.741>: [Info]: Loading Seen Entitlements Data failed.
<2021-11-01 08:57:59.642>: [Info] (AZCore): [Game] LogEnvironmentString: ClusterId: fra-prod
<2021-11-01 08:57:59.645>: [Info] (AZCore): [StackConfig] LayerS3(): layer's "remoteCfg.public.RegionId" S3 key (old: "applications/public/configuration-sets/RegionId/syd-prod/versionless"), reset to new value: "applications/public/configuration-sets/RegionId/fra-prod/versionless"
<2021-11-01 08:57:59.645>: [Info] (AZCore): [StackConfig] LayerS3(): layer's "remoteCfg.public.RegionIdv" S3 key (old: "applications/public/configuration-sets/RegionId/syd-prod/275;1467185"), reset to new value: "applications/public/configuration-sets/RegionId/fra-prod/275;1467185"
<2021-11-01 08:57:59.645>: [Info] (AZCore): [StackConfig] LayerS3(): layer's "remoteCfg.public.CognitoId" S3 key (old: "applications/public/configuration-sets/CognitoId/us-east-1:b218b3f3-2d38-469f-92b7-a8414369d22b/versionless"), reset to new value: "applications/public/configuration-sets/CognitoId/us-east-1:0de93f7c-814e-4d48-a8fd-b6efc2f9ed93/versionless"
<2021-11-01 08:57:59.645>: [Info] (AZCore): [StackConfig] LayerS3(): layer's "remoteCfg.public.CognitoIdv" S3 key (old: "applications/public/configuration-sets/CognitoId/us-east-1:b218b3f3-2d38-469f-92b7-a8414369d22b/275;1467185"), reset to new value: "applications/public/configuration-sets/CognitoId/us-east-1:0de93f7c-814e-4d48-a8fd-b6efc2f9ed93/275;1467185"
<2021-11-01 08:57:59.645>: [Info] (AZCore): [StackConfig] LayerS3(): layer's "remoteCfg.publicGameplay.RegionId" S3 key (old: "applications/publicGameplay/configuration-sets/RegionId/syd-prod/versionless"), reset to new value: "applications/publicGameplay/configuration-sets/RegionId/fra-prod/versionless"
<2021-11-01 08:57:59.645>: [Info] (AZCore): [StackConfig] LayerS3(): layer's "remoteCfg.publicGameplay.RegionIdv" S3 key (old: "applications/publicGameplay/configuration-sets/RegionId/syd-prod/275;1467185"), reset to new value: "applications/publicGameplay/configuration-sets/RegionId/fra-prod/275;1467185"
<2021-11-01 08:57:59.645>: [Info] (AZCore): [StackConfig] LayerS3(): layer's "remoteCfg.publicGameplay.CognitoId" S3 key (old: "applications/publicGameplay/configuration-sets/CognitoId/us-east-1:b218b3f3-2d38-469f-92b7-a8414369d22b/versionless"), reset to new value: "applications/publicGameplay/configuration-sets/CognitoId/us-east-1:0de93f7c-814e-4d48-a8fd-b6efc2f9ed93/versionless"
<2021-11-01 08:57:59.645>: [Info] (AZCore): [StackConfig] LayerS3(): layer's "remoteCfg.publicGameplay.CognitoIdv" S3 key (old: "applications/publicGameplay/configuration-sets/CognitoId/us-east-1:b218b3f3-2d38-469f-92b7-a8414369d22b/275;1467185"), reset to new value: "applications/publicGameplay/configuration-sets/CognitoId/us-east-1:0de93f7c-814e-4d48-a8fd-b6efc2f9ed93/275;1467185"
<2021-11-01 08:58:00.682>: [Info]: CryAnimation: character-definition not found: objects/characters/player/male/feminineShamanMT5/female_feminineShamanMT5.cdf
<2021-11-01 08:58:00.891>: [Info]: CryAnimation: character-definition not found: objects/characters/player/male/feminineRangerT2/female_feminineRangerT2.cdf
<2021-11-01 08:58:00.947>: [Info]: CryAnimation: character-definition not found: objects/characters/player/male/feminineRegalT2/female_feminineRegalT2.cdf
<2021-11-01 08:58:00.970>: [Info]: CGame::InitCoatlicueTerrain
<2021-11-01 08:58:00.986>: [Info] (AZCore): [Game] 0x441F4C03(user) attempting sign-in.
<2021-11-01 08:58:00.986>: [Info] (AZCore): [Game] LogEnvironmentString: Auth Mode: user
<2021-11-01 08:58:00.986>: [Info] (AZCore): [SteamAuth] Attempting to log in to Steam
<2021-11-01 08:58:00.986>: [Info] (AZCore): [SteamAuth] Getting steam auth session ticket.
<2021-11-01 08:58:00.987>: [Info] (AZCore): [Game] 0x441F4C03(user) attempting sign-in.
<2021-11-01 08:58:00.987>: [Info] (AZCore): [SteamAuth] Attempting to log in to Steam
<2021-11-01 08:58:00.987>: [Info] (AZCore): [SteamAuth] Getting steam auth session ticket.
<2021-11-01 08:58:01.552>: [Info] (AZCore): [SteamAuth] OnAuthSessionTicket: Authenticating using steam auth session ticket: 3
<2021-11-01 08:58:01.556>: [Info] (AZCore): [SteamAuth] CreateSteamSessionJob: Calling Persona to create steam session
<2021-11-01 08:58:02.751>: [Info] (AZCore): [SteamAuth] OnCreatedSessionSteam: Creating session for persona id: amzn1.developerPersonaId.953eab83-e9bb-e17d-4071-09c1710ded61.
<2021-11-01 08:58:02.751>: [Info] (AZCore): [SteamAuth] Calling Http API: https://d1w0bfy6smo4d1.cloudfront.net/prod/credentials
<2021-11-01 08:58:03.297>: [Info] (AZCore): [AuthStackCredentialsProvider] Successfully refreshed gateway AWS credentials, next attempt will start after 2021-11-01T09:53:04Z
<2021-11-01 08:58:03.297>: [Info] (AZCore): [AuthStackCredentialsProvider] Successfully refreshed persona AWS credentials, next attempt will start after 2021-11-01T09:53:04Z
<2021-11-01 08:58:03.313>: [Info] (AZCore): [Game] CGame::OnCampfireLoginComplete, login successful.
<2021-11-01 08:58:03.313>: [Info] (AZCore): [Game] LogEnvironmentString: Gateway Signing Host: u433g9r00c.execute-api.eu-central-1.amazonaws.com
<2021-11-01 08:58:03.313>: [Info] (AZCore): [Game] LogEnvironmentString: Gateway Address: d1w0bfy6smo4d1.cloudfront.net
<2021-11-01 08:58:03.313>: [Info] (AZCore): [Game] LogEnvironmentString: HTTP Gateway Address: https://d1w0bfy6smo4d1.cloudfront.net/prod
<2021-11-01 08:58:03.313>: [Info] (AZCore): [Game] LogEnvironmentString: Gateway Mode: gateway
<2021-11-01 08:58:03.313>: [Info] (AZCore): [GameConnection] ConfigureLogin MODE_GATEWAY: endpoint=d1w0bfy6smo4d1.cloudfront.net, httpEntpoint=https://d1w0bfy6smo4d1.cloudfront.net/prod, region=eu-central-1
<2021-11-01 08:58:03.316>: [Info] (AZCore): [StackConfig] LayerS3(): layer's "remoteCfg.public.ProductId" S3 key (old: ""), reset to new value: "applications/public/configuration-sets/ProductId/STEAM_APP_ID.1063730/versionless"
<2021-11-01 08:58:04.226>: [Info] (AZCore): [StackConfig] Retrieved layer's "remoteCfg.public.ProductId" blocking remote config, with S3 key: "applications/public/configuration-sets/ProductId/STEAM_APP_ID.1063730/versionless" successfully, size: 252

<2021-11-01 08:58:04.228>: [Info] (AZCore): [StackConfig] LayerS3(): layer's "remoteCfg.public.ProductIdv" S3 key (old: ""), reset to new value: "applications/public/configuration-sets/ProductId/STEAM_APP_ID.1063730/275;1467185"
<2021-11-01 08:58:04.459>: [Info] (AZCore): [StackConfig] LayerS3(): layer's "remoteCfg.public.RegionId" S3 key (old: "applications/public/configuration-sets/RegionId/fra-prod/versionless"), reset to new value: "applications/public/configuration-sets/RegionId/fra-prod/versionless"
<2021-11-01 08:58:04.689>: [Info] (AZCore): [StackConfig] Retrieved layer's "remoteCfg.public.RegionId" blocking remote config, with S3 key: "applications/public/configuration-sets/RegionId/fra-prod/versionless" successfully, size: 246

<2021-11-01 08:58:04.691>: [Info] (AZCore): [StackConfig] LayerS3(): layer's "remoteCfg.public.RegionIdv" S3 key (old: "applications/public/configuration-sets/RegionId/fra-prod/275;1467185"), reset to new value: "applications/public/configuration-sets/RegionId/fra-prod/275;1467185"
<2021-11-01 08:58:04.924>: [Info] (AZCore): [StackConfig] LayerS3(): layer's "remoteCfg.publicGameplay.ProductId" S3 key (old: ""), reset to new value: "applications/publicGameplay/configuration-sets/ProductId/STEAM_APP_ID.1063730/versionless"
<2021-11-01 08:58:05.155>: [Info] (AZCore): [StackConfig] LayerS3(): layer's "remoteCfg.publicGameplay.ProductIdv" S3 key (old: ""), reset to new value: "applications/publicGameplay/configuration-sets/ProductId/STEAM_APP_ID.1063730/275;1467185"
<2021-11-01 08:58:05.386>: [Info] (AZCore): [StackConfig] LayerS3(): layer's "remoteCfg.publicGameplay.RegionId" S3 key (old: "applications/publicGameplay/configuration-sets/RegionId/fra-prod/versionless"), reset to new value: "applications/publicGameplay/configuration-sets/RegionId/fra-prod/versionless"
<2021-11-01 08:58:05.614>: [Info] (AZCore): [StackConfig] Retrieved layer's "remoteCfg.publicGameplay.RegionId" blocking remote config, with S3 key: "applications/publicGameplay/configuration-sets/RegionId/fra-prod/versionless" successfully, size: 348

<2021-11-01 08:58:05.617>: [Info] (AZCore): [StackConfig] LayerS3(): layer's "remoteCfg.publicGameplay.RegionIdv" S3 key (old: "applications/publicGameplay/configuration-sets/RegionId/fra-prod/275;1467185"), reset to new value: "applications/publicGameplay/configuration-sets/RegionId/fra-prod/275;1467185"
<2021-11-01 08:58:06.831>: [Info] (AZCore): [Game] LogEnvironmentString: Persona ID: amzn1.developerPersonaId.953eab83-e9bb-e17d-4071-09c1710ded61
<2021-11-01 08:58:07.087>: [Info]: 
<2021-11-01 08:58:07.087>: [Info]: Total number of logical processors: 12
<2021-11-01 08:58:07.087>: [Info]: Number of available logical processors: 12
<2021-11-01 08:58:07.087>: [Info]: Total number of system cores: 6
<2021-11-01 08:58:07.087>: [Info]: Number of cores available to process: 6
<2021-11-01 08:58:07.087>: [Info]:  
<2021-11-01 08:58:07.087>: [Info]: Processor 0:
<2021-11-01 08:58:07.087>: [Info]:   CPU: Intel Intel(R) Core(TM) i7-8700 CPU @ 3.20GHz
<2021-11-01 08:58:07.087>: [Info]:   Family: 6, Model: 14, Stepping: 10
<2021-11-01 08:58:07.087>: [Info]:   FPU: On-Chip
<2021-11-01 08:58:07.087>: [Info]:   3DNow!: not present
<2021-11-01 08:58:07.087>: [Info]:   MMX: not present
<2021-11-01 08:58:07.087>: [Info]:   SSE: present
<2021-11-01 08:58:07.087>: [Info]:   SSE2: present
<2021-11-01 08:58:07.087>: [Info]:   SSE3: present
<2021-11-01 08:58:07.087>: [Info]:   Serial number not present or disabled
<2021-11-01 08:58:07.087>: [Info]:  
<2021-11-01 08:58:07.087>: [Info]: Processor 1:
<2021-11-01 08:58:07.087>: [Info]:   CPU: Intel Intel(R) Core(TM) i7-8700 CPU @ 3.20GHz
<2021-11-01 08:58:07.087>: [Info]:   Family: 6, Model: 14, Stepping: 10
<2021-11-01 08:58:07.087>: [Info]:   FPU: On-Chip
<2021-11-01 08:58:07.088>: [Info]:   3DNow!: not present
<2021-11-01 08:58:07.088>: [Info]:   MMX: not present
<2021-11-01 08:58:07.088>: [Info]:   SSE: present
<2021-11-01 08:58:07.088>: [Info]:   SSE2: present
<2021-11-01 08:58:07.088>: [Info]:   SSE3: present
<2021-11-01 08:58:07.088>: [Info]:   Serial number not present or disabled
<2021-11-01 08:58:07.088>: [Info]:  
<2021-11-01 08:58:07.088>: [Info]: Processor 2:
<2021-11-01 08:58:07.088>: [Info]:   CPU: Intel Intel(R) Core(TM) i7-8700 CPU @ 3.20GHz
<2021-11-01 08:58:07.088>: [Info]:   Family: 6, Model: 14, Stepping: 10
<2021-11-01 08:58:07.088>: [Info]:   FPU: On-Chip
<2021-11-01 08:58:07.088>: [Info]:   3DNow!: not present
<2021-11-01 08:58:07.088>: [Info]:   MMX: not present
<2021-11-01 08:58:07.088>: [Info]:   SSE: present
<2021-11-01 08:58:07.088>: [Info]:   SSE2: present
<2021-11-01 08:58:07.088>: [Info]:   SSE3: present
<2021-11-01 08:58:07.088>: [Info]:   Serial number not present or disabled
<2021-11-01 08:58:07.088>: [Info]:  
<2021-11-01 08:58:07.088>: [Info]: Processor 3:
<2021-11-01 08:58:07.088>: [Info]:   CPU: Intel Intel(R) Core(TM) i7-8700 CPU @ 3.20GHz
<2021-11-01 08:58:07.088>: [Info]:   Family: 6, Model: 14, Stepping: 10
<2021-11-01 08:58:07.088>: [Info]:   FPU: On-Chip
<2021-11-01 08:58:07.088>: [Info]:   3DNow!: not present
<2021-11-01 08:58:07.088>: [Info]:   MMX: not present
<2021-11-01 08:58:07.088>: [Info]:   SSE: present
<2021-11-01 08:58:07.088>: [Info]:   SSE2: present
<2021-11-01 08:58:07.088>: [Info]:   SSE3: present
<2021-11-01 08:58:07.088>: [Info]:   Serial number not present or disabled
<2021-11-01 08:58:07.088>: [Info]:  
<2021-11-01 08:58:07.088>: [Info]: Processor 4:
<2021-11-01 08:58:07.088>: [Info]:   CPU: Intel Intel(R) Core(TM) i7-8700 CPU @ 3.20GHz
<2021-11-01 08:58:07.088>: [Info]:   Family: 6, Model: 14, Stepping: 10
<2021-11-01 08:58:07.088>: [Info]:   FPU: On-Chip
<2021-11-01 08:58:07.088>: [Info]:   3DNow!: not present
<2021-11-01 08:58:07.088>: [Info]:   MMX: not present
<2021-11-01 08:58:07.088>: [Info]:   SSE: present
<2021-11-01 08:58:07.088>: [Info]:   SSE2: present
<2021-11-01 08:58:07.088>: [Info]:   SSE3: present
<2021-11-01 08:58:07.088>: [Info]:   Serial number not present or disabled
<2021-11-01 08:58:07.088>: [Info]:  
<2021-11-01 08:58:07.088>: [Info]: Processor 5:
<2021-11-01 08:58:07.088>: [Info]:   CPU: Intel Intel(R) Core(TM) i7-8700 CPU @ 3.20GHz
<2021-11-01 08:58:07.088>: [Info]:   Family: 6, Model: 14, Stepping: 10
<2021-11-01 08:58:07.088>: [Info]:   FPU: On-Chip
<2021-11-01 08:58:07.088>: [Info]:   3DNow!: not present
<2021-11-01 08:58:07.088>: [Info]:   MMX: not present
<2021-11-01 08:58:07.088>: [Info]:   SSE: present
<2021-11-01 08:58:07.088>: [Info]:   SSE2: present
<2021-11-01 08:58:07.088>: [Info]:   SSE3: present
<2021-11-01 08:58:07.088>: [Info]:   Serial number not present or disabled
<2021-11-01 08:58:07.088>: [Info]:  
<2021-11-01 08:58:07.088>: [Info]: Change detected in analytics configuration. Re-instantiating network traffic reporter
<2021-11-01 08:58:16.085>: [Info]: SerializeOptions: Success
<2021-11-01 08:58:16.085>: [Info]: SerializeOptions: Moving to C:/Users/Sai Prasad/AppData/Roaming/AGS/New World/savedata/temp_usersettings.javsave
<2021-11-01 09:00:36.085>: [Info]: SerializeOptions: Success
<2021-11-01 09:00:36.085>: [Info]: SerializeOptions: Moving to C:/Users/Sai Prasad/AppData/Roaming/AGS/New World/savedata/temp_usersettings.javsave
<2021-11-01 09:00:36.087>: [Info] (AZCore): [AsyncMapUnload] Loading of map "Climax_IntroScene" deferred in order to async unload previous level "frontendv2": starting async unload...
<2021-11-01 09:00:36.093>: [Info] (AZCore): [AsyncMapUnload] Lumberyard Connection State: "Disconnected"
<2021-11-01 09:00:36.093>: [Info] (AZCore): [ClientContext] Cleanup()
<2021-11-01 09:00:36.094>: [Info] (AZCore): [AsyncMapUnload] waiting... numJobs 0, AssetBus::context.m_queue.size(): 92, waitingRefs (from bus): 0
<2021-11-01 09:00:36.099>: [Info] (AZCore): [AsyncMapUnload] DONE waiting... numJobs 0, AssetBus::context.m_queue.size(): 0, waitingRefs (from bus): 0
<2021-11-01 09:00:36.099>: [Info] (AZCore): [AsyncMapUnload] ...allowing map change
<2021-11-01 09:00:36.099>: [Info]: ============================ Loading level Climax_IntroScene ============================
<2021-11-01 09:05:31.874>: [Info] (AZCore): [GameConnection] SelectWorldByType - Invalid match. worldType=0; best world=live-1-17-1, type=1, version=JAVELIN_Live_1469771_nw-jen-live-all-retail-patch-97_SERVER_LOOSE
<2021-11-01 09:05:31.874>: [Info] (AZCore): [RequestLogin] Unable to find FTUE world, will use default/empty world id.
<2021-11-01 09:05:31.890>: [Info] (AZCore): [Game] CGame::ActorContainerConnect
<2021-11-01 09:05:31.890>: [Info] (AZCore): [GameConnection] GameConnectionWrapper::Disconnect
<2021-11-01 09:05:31.890>: [Info] (AZCore): [GameConnection] GameConnectionWrapper::Connect: playerName = BrahmiWarrior
<2021-11-01 09:05:31.890>: [Info] (AZCore): [GameConnection] Update state Disconnected to new state QueueGameLogin
<2021-11-01 09:05:31.906>: [Info] (AZCore): [GameConnection] Update state QueueGameLogin to new state WaitingForQueuedLogin
<2021-11-01 09:05:31.906>: [Info] (AZCore): [GameConnection] Queuing login for world () and character (b82aa25b-d0ec-407d-af6e-5b6618a5fdd6)
<2021-11-01 09:05:33.407>: [Info] (AZCore): [GameConnection] Received a login ticket: 0501e107-b2c7-45fc-8690-ff4be475e68e_6f591433-f5cf-4bc6-ab8f-59a72051095e, location: , New Ticket
<2021-11-01 09:05:36.074>: [Info] (AZCore): [GameConnection] Received a login ticket: 0501e107-b2c7-45fc-8690-ff4be475e68e_6f591433-f5cf-4bc6-ab8f-59a72051095e, location: , Refreshed Ticket
<2021-11-01 09:05:36.074>: [Info] (AZCore): [Game] LogEnvironmentString: World ID: 0501e107-b2c7-45fc-8690-ff4be475e68e
<2021-11-01 09:05:36.074>: [Info] (AZCore): [Game] LogEnvironmentString: World Name: live-1-10-1
<2021-11-01 09:05:36.074>: [Info] (AZCore): [Game] LogEnvironmentString: Character ID: b82aa25b-d0ec-407d-af6e-5b6618a5fdd6
<2021-11-01 09:05:36.074>: [Info] (AZCore): [Game] LogEnvironmentString: REP Address: 18.197.143.230
<2021-11-01 09:05:36.079>: [Info] (AZCore): [GameConnection] Update state WaitingForQueuedLogin to new state QueryForRemoteConfigClass
<2021-11-01 09:05:36.090>: [Info] (AZCore): [StackConfig] LayerS3(): layer's "remoteCfg.public.CognitoId" S3 key (old: "applications/public/configuration-sets/CognitoId/us-east-1:0de93f7c-814e-4d48-a8fd-b6efc2f9ed93/versionless"), reset to new value: "applications/public/configuration-sets/CognitoId/us-east-1:0de93f7c-814e-4d48-a8fd-b6efc2f9ed93/versionless"
<2021-11-01 09:05:36.090>: [Info] (AZCore): [GameConnection] Update state QueryForRemoteConfigClass to new state WaitingForRemoteConfigClass
<2021-11-01 09:05:36.985>: [Info] (AZCore): [StackConfig] Retrieved layer's "remoteCfg.public.CognitoId" async remote config, with S3 key: "applications/public/configuration-sets/CognitoId/us-east-1:0de93f7c-814e-4d48-a8fd-b6efc2f9ed93/versionless" successfully, size: 616

<2021-11-01 09:05:37.001>: [Info] (AZCore): [GameConnection] Update state WaitingForRemoteConfigClass to new state QueryForRemoteConfigClass
<2021-11-01 09:05:37.017>: [Info] (AZCore): [StackConfig] LayerS3(): layer's "remoteCfg.public.CognitoIdv" S3 key (old: "applications/public/configuration-sets/CognitoId/us-east-1:0de93f7c-814e-4d48-a8fd-b6efc2f9ed93/275;1467185"), reset to new value: "applications/public/configuration-sets/CognitoId/us-east-1:0de93f7c-814e-4d48-a8fd-b6efc2f9ed93/275;1467185"
<2021-11-01 09:05:37.018>: [Info] (AZCore): [GameConnection] Update state QueryForRemoteConfigClass to new state WaitingForRemoteConfigClass
<2021-11-01 09:05:37.257>: [Info] (AZCore): [GameConnection] Update state WaitingForRemoteConfigClass to new state QueryForRemoteConfigClass
<2021-11-01 09:05:37.274>: [Info] (AZCore): [StackConfig] LayerS3(): layer's "remoteCfg.public.WorldId" S3 key (old: ""), reset to new value: "applications/public/configuration-sets/WorldId/0501e107-b2c7-45fc-8690-ff4be475e68e/versionless"
<2021-11-01 09:05:37.274>: [Info] (AZCore): [GameConnection] Update state QueryForRemoteConfigClass to new state WaitingForRemoteConfigClass
<2021-11-01 09:05:37.513>: [Info] (AZCore): [GameConnection] Update state WaitingForRemoteConfigClass to new state QueryForRemoteConfigClass
<2021-11-01 09:05:37.529>: [Info] (AZCore): [StackConfig] LayerS3(): layer's "remoteCfg.public.WorldIdv" S3 key (old: ""), reset to new value: "applications/public/configuration-sets/WorldId/0501e107-b2c7-45fc-8690-ff4be475e68e/275;1467185"
<2021-11-01 09:05:37.529>: [Info] (AZCore): [GameConnection] Update state QueryForRemoteConfigClass to new state WaitingForRemoteConfigClass
<2021-11-01 09:05:37.768>: [Info] (AZCore): [GameConnection] Update state WaitingForRemoteConfigClass to new state QueryForRemoteConfigClass
<2021-11-01 09:05:37.784>: [Info] (AZCore): [StackConfig] LayerS3(): layer's "remoteCfg.publicGameplay.CognitoId" S3 key (old: "applications/publicGameplay/configuration-sets/CognitoId/us-east-1:0de93f7c-814e-4d48-a8fd-b6efc2f9ed93/versionless"), reset to new value: "applications/publicGameplay/configuration-sets/CognitoId/us-east-1:0de93f7c-814e-4d48-a8fd-b6efc2f9ed93/versionless"
<2021-11-01 09:05:37.784>: [Info] (AZCore): [GameConnection] Update state QueryForRemoteConfigClass to new state WaitingForRemoteConfigClass
<2021-11-01 09:05:38.013>: [Info] (AZCore): [StackConfig] Retrieved layer's "remoteCfg.publicGameplay.CognitoId" async remote config, with S3 key: "applications/publicGameplay/configuration-sets/CognitoId/us-east-1:0de93f7c-814e-4d48-a8fd-b6efc2f9ed93/versionless" successfully, size: 69

<2021-11-01 09:05:38.024>: [Info] (AZCore): [GameConnection] Update state WaitingForRemoteConfigClass to new state QueryForRemoteConfigClass
<2021-11-01 09:05:38.039>: [Info] (AZCore): [StackConfig] LayerS3(): layer's "remoteCfg.publicGameplay.CognitoIdv" S3 key (old: "applications/publicGameplay/configuration-sets/CognitoId/us-east-1:0de93f7c-814e-4d48-a8fd-b6efc2f9ed93/275;1467185"), reset to new value: "applications/publicGameplay/configuration-sets/CognitoId/us-east-1:0de93f7c-814e-4d48-a8fd-b6efc2f9ed93/275;1467185"
<2021-11-01 09:05:38.039>: [Info] (AZCore): [GameConnection] Update state QueryForRemoteConfigClass to new state WaitingForRemoteConfigClass
<2021-11-01 09:05:38.278>: [Info] (AZCore): [GameConnection] Update state WaitingForRemoteConfigClass to new state QueryForRemoteConfigClass
<2021-11-01 09:05:38.294>: [Info] (AZCore): [StackConfig] LayerS3(): layer's "remoteCfg.publicGameplay.WorldId" S3 key (old: ""), reset to new value: "applications/publicGameplay/configuration-sets/WorldId/0501e107-b2c7-45fc-8690-ff4be475e68e/versionless"
<2021-11-01 09:05:38.294>: [Info] (AZCore): [GameConnection] Update state QueryForRemoteConfigClass to new state WaitingForRemoteConfigClass
<2021-11-01 09:05:38.519>: [Info] (AZCore): [GameConnection] Update state WaitingForRemoteConfigClass to new state QueryForRemoteConfigClass
<2021-11-01 09:05:38.535>: [Info] (AZCore): [StackConfig] LayerS3(): layer's "remoteCfg.publicGameplay.WorldIdv" S3 key (old: ""), reset to new value: "applications/publicGameplay/configuration-sets/WorldId/0501e107-b2c7-45fc-8690-ff4be475e68e/275;1467185"
<2021-11-01 09:05:38.535>: [Info] (AZCore): [GameConnection] Update state QueryForRemoteConfigClass to new state WaitingForRemoteConfigClass
<2021-11-01 09:05:38.774>: [Info] (AZCore): [GameConnection] Update state WaitingForRemoteConfigClass to new state QueryForRemoteConfigClass
<2021-11-01 09:05:38.791>: [Info] (AZCore): [GameConnection] Update state QueryForRemoteConfigClass to new state StartREPConnection
<2021-11-01 09:05:38.807>: [Info] (AZCore): [GameConnection] GameConnectionWrapper: start REP connection RepAddress = 18.197.143.230, worldId = 0501e107-b2c7-45fc-8690-ff4be475e68e
<2021-11-01 09:05:38.808>: [Info] (AZCore): [GameConnection] Update state StartREPConnection to new state WaitingForREPConnection
<2021-11-01 09:05:39.571>: [Info] (AZCore): [GameConnection] GameConnectionWrapper: REP socket connection established, now waiting to register
<2021-11-01 09:05:39.719>: [Info] (AZCore): [GameConnection] GameConnectionWrapper: received registration response from REP
<2021-11-01 09:05:39.719>: [Info] (AZCore): [Game] LogEnvironmentString: Server version: [RELEASE].Javelin.1.9.275.1469771
<2021-11-01 09:05:39.733>: [Info] (AZCore): [GameConnection] GameConnectionWrapper: start actor game connection
<2021-11-01 09:05:39.733>: [Info] (AZCore): [GameConnection] Update state WaitingForREPConnection to new state WaitingForActorGameConnection
<2021-11-01 09:05:39.814>: [Info] (AZCore): [GameConnection] GameConnectionWrapper: actor game connection succeeds
<2021-11-01 09:05:39.814>: [Info] (AZCore): [GameConnection] Initialize current retry count : 0
<2021-11-01 09:05:39.814>: [Info] (AZCore): [GameConnection] Update state WaitingForActorGameConnection to new state WaitingForSpawnPoint
<2021-11-01 09:05:45.135>: [Info] (AZCore): [GameConnection] GameConnectionWrapper: spawn point found
<2021-11-01 09:05:45.135>: [Info] (AZCore): [GameConnection] Update state WaitingForSpawnPoint to new state WaitingForAOIClient
<2021-11-01 09:05:45.215>: [Info] (AZCore): [GameMessagePort] LevelInfoChanged m_clientContextInstanceId 0 changing to levelInfo.m_clientContextInstanceId 1
<2021-11-01 09:05:45.215>: [Info] (AZCore): [GameConnection] GameConnectionWrapper: AOI client available
<2021-11-01 09:05:45.215>: [Info] (AZCore): [GameConnection] Update state WaitingForAOIClient to new state WaitingForPlayerSpawn
<2021-11-01 09:05:45.231>: [Info] (AZCore): [GameMessagePort] Calling clientContext->Initialize
<2021-11-01 09:05:45.231>: [Info] (AZCore): [ClientContext] Initialize()
<2021-11-01 09:05:45.231>: [Info] (AZCore): [ClientContext] Cleanup()
<2021-11-01 09:05:45.257>: [Info] (AZCore): [streamingGDEManager] Initialize()
<2021-11-01 09:05:45.257>: [Info] (AZCore): [AsyncMapUnload] Loading of map "Climax/ClimaxFTUE_02" deferred in order to async unload previous level "Climax_IntroScene": starting async unload...
<2021-11-01 09:05:45.258>: [Info] (AZCore): [AsyncMapUnload] Lumberyard Connection State: "WaitingForPlayerSpawn"
<2021-11-01 09:05:45.258>: [Info] (AZCore): [AsyncMapUnload] waiting... numJobs 1, AssetBus::context.m_queue.size(): 0, waitingRefs (from bus): 0
<2021-11-01 09:05:45.258>: [Info] (AZCore): [GameMessagePort] HandleUnexpectedMessage skipping ReceiveStateBundle for bundle message due to clientContext == nullptr
<2021-11-01 09:05:45.262>: [Info] (AZCore): [AsyncMapUnload] waiting... numJobs 1, AssetBus::context.m_queue.size(): 0, waitingRefs (from bus): 0
<2021-11-01 09:05:45.277>: [Info] (AZCore): [AsyncMapUnload] waiting... numJobs 1, AssetBus::context.m_queue.size(): 0, waitingRefs (from bus): 0
<2021-11-01 09:05:45.293>: [Info] (AZCore): [AsyncMapUnload] waiting... numJobs 0, AssetBus::context.m_queue.size(): 1, waitingRefs (from bus): 0
<2021-11-01 09:05:45.309>: [Info] (AZCore): [AsyncMapUnload] DONE waiting... numJobs 0, AssetBus::context.m_queue.size(): 0, waitingRefs (from bus): 0
<2021-11-01 09:05:45.309>: [Info] (AZCore): [AsyncMapUnload] ...allowing map change
<2021-11-01 09:05:45.309>: [Info]: ============================ Loading level Climax/ClimaxFTUE_02 ============================
<2021-11-01 09:05:47.354>: [Info]: CGame::InitCoatlicueTerrain
<2021-11-01 09:05:47.356>: [Info] (AZCore): [GameMessagePort] ProcessPendingReliableMsgQueue processing 1 messages from m_pendingUnexpectedMsgs
<2021-11-01 09:05:47.511>: [Info] (AZCore): [GDERenderManager] Init()
<2021-11-01 09:05:47.780>: [Info] (AZCore): [Game] LogEnvironmentString: Player Name: BrahmiWarrior
<2021-11-01 09:05:47.780>: [Info] (AZCore): [Game] LogEnvironmentString: Player Actor: 14C1001C7C353D5DA12D2E2F7657C8CE
<2021-11-01 09:05:47.806>: [Info] (AZCore): [GameConnection] GameConnectionWrapper: player spawn succeeds, in game
<2021-11-01 09:05:47.806>: [Info] (AZCore): [GameConnection] Update state WaitingForPlayerSpawn to new state InGame
<2021-11-01 09:05:47.806>: [Info] (AZCore): [Game] CGame::OnConnectionSucceed
<2021-11-01 09:05:47.945>: [Info]: [ERROR] ClientSDK: Failed to unmarshal message: num_bytes=37, type=B17946984E434968A9EAC5E0A83E12A7
<2021-11-01 09:05:48.632>: [Info]: [Vivox] VoiceChatSystemComponent: connected to server
<2021-11-01 09:05:51.483>: [Info]: [Vivox] VoiceChatClientState: Attempting login as '.amazonUE-nw78.b82aa25b-d0ec-407d-af6e-5b6618a5fdd6.'...
<2021-11-01 09:05:53.496>: [Info]: [Vivox] VoiceChatSystemComponent: logged in to server
<2021-11-01 09:05:59.677>: [Info]: [ERROR] ClientSDK: Failed to unmarshal message: num_bytes=37, type=B17946984E434968A9EAC5E0A83E12A7
<2021-11-01 09:10:39.770>: [Info] (AZCore): [GameConnection] Update state InGame to new state WaitingForAOIClient
<2021-11-01 09:10:39.770>: [Info] (AZCore): [GameMessagePort] LevelInfoChanged m_clientContextInstanceId 1 changing to levelInfo.m_clientContextInstanceId 2
<2021-11-01 09:10:39.770>: [Info] (AZCore): [GameConnection] GameConnectionWrapper: AOI client available
<2021-11-01 09:10:39.770>: [Info] (AZCore): [GameConnection] Update state WaitingForAOIClient to new state WaitingForPlayerSpawn
<2021-11-01 09:10:39.898>: [Info] (AZCore): [GameMessagePort] Calling clientContext->Initialize
<2021-11-01 09:10:39.898>: [Info] (AZCore): [ClientContext] Initialize()
<2021-11-01 09:10:39.898>: [Info] (AZCore): [ClientContext] Cleanup()
<2021-11-01 09:10:39.898>: [Info] (AZCore): [GDERenderManager] Releasing resources!
<2021-11-01 09:10:39.898>: [Info] (AZCore): [streamingGDEManager] Shutting down and releasing regions
<2021-11-01 09:10:39.899>: [Info] (AZCore): [streamingGDEManager] Shutting down and releasing regions
<2021-11-01 09:10:40.151>: [Info]: [Vivox] VoiceChatSystemComponent: disconnected from server
<2021-11-01 09:10:47.468>: [Info] (AZCore): [streamingGDEManager] Initialize()
<2021-11-01 09:10:47.469>: [Info] (AZCore): [AsyncMapUnload] Loading of map "NewWorld_VitaeEterna" deferred in order to async unload previous level "Climax/ClimaxFTUE_02": starting async unload...
<2021-11-01 09:10:47.470>: [Info] (AZCore): [AsyncMapUnload] Lumberyard Connection State: "WaitingForPlayerSpawn"
<2021-11-01 09:10:47.470>: [Info] (AZCore): [AsyncMapUnload] waiting... numJobs 0, AssetBus::context.m_queue.size(): 578, waitingRefs (from bus): 0
<2021-11-01 09:10:47.470>: [Info] (AZCore): [GameMessagePort] HandleUnexpectedMessage skipping ReceiveStateBundle for bundle message due to clientContext == nullptr
<2021-11-01 09:10:47.485>: [Info] (AZCore): [AsyncMapUnload] DONE waiting... numJobs 0, AssetBus::context.m_queue.size(): 0, waitingRefs (from bus): 0
<2021-11-01 09:10:47.485>: [Info] (AZCore): [AsyncMapUnload] ...allowing map change
<2021-11-01 09:10:47.485>: [Info]: ============================ Loading level NewWorld_VitaeEterna ============================
<2021-11-01 09:10:51.086>: [Info]: CGame::InitCoatlicueTerrain
<2021-11-01 09:10:51.088>: [Info] (AZCore): [GameMessagePort] ProcessPendingReliableMsgQueue processing 30 messages from m_pendingUnexpectedMsgs
<2021-11-01 09:10:51.958>: [Info] (AZCore): [GDERenderManager] Init()
<2021-11-01 09:10:52.253>: [Info]: [ERROR] ClientSDK: Failed to unmarshal message: num_bytes=37, type=B17946984E434968A9EAC5E0A83E12A7
<2021-11-01 09:10:52.258>: [Info] (AZCore): [GameConnection] GameConnectionWrapper: player spawn succeeds, in game
<2021-11-01 09:10:52.258>: [Info] (AZCore): [GameConnection] Update state WaitingForPlayerSpawn to new state InGame
<2021-11-01 09:10:52.258>: [Info] (AZCore): [Game] CGame::OnConnectionSucceed
<2021-11-01 09:10:54.723>: [Info]: [Vivox] VoiceChatSystemComponent: connected to server
<2021-11-01 09:10:54.897>: [Info]: [Vivox] VoiceChatClientState: Attempting login as '.amazonUE-nw78.b82aa25b-d0ec-407d-af6e-5b6618a5fdd6.'...
<2021-11-01 09:10:56.945>: [Info]: [Vivox] VoiceChatSystemComponent: logged in to server
<2021-11-01 09:10:57.112>: [Info]: [Vivox] VoiceChatClientState: joining new channel 'sip:confctl-d-amazonUE-nw78.jav-0501e107-b2c7-45fc-8690-ff4be475e68e-MDEzMDA2!p-20-1-1.000-3@anwxp0euc1.vivox.com'
<2021-11-01 09:10:57.293>: [Info]: [Vivox] VoiceChatClientState: Attempting to join 3d channel 'sip:confctl-d-amazonUE-nw78.jav-0501e107-b2c7-45fc-8690-ff4be475e68e-MDEzMDA2!p-20-1-1.000-3@anwxp0euc1.vivox.com (013006)'...
<2021-11-01 09:10:59.118>: [Info]: [Vivox] VoiceChatSystemComponent: channel 'sip:confctl-d-amazonUE-nw78.jav-0501e107-b2c7-45fc-8690-ff4be475e68e-MDEzMDA2!p-20-1-1.000-3@anwxp0euc1.vivox.com' joined
<2021-11-01 09:10:59.121>: [Info]: [Vivox] VoiceChatClientState: joining new channel 'sip:confctl-d-amazonUE-nw78.jav-0501e107-b2c7-45fc-8690-ff4be475e68e-MDEzMDA1!p-20-1-1.000-3@anwxp0euc1.vivox.com'
<2021-11-01 09:10:59.295>: [Info]: [Vivox] VoiceChatClientState: Attempting to join 3d channel 'sip:confctl-d-amazonUE-nw78.jav-0501e107-b2c7-45fc-8690-ff4be475e68e-MDEzMDA1!p-20-1-1.000-3@anwxp0euc1.vivox.com (013005)'...
<2021-11-01 09:11:00.088>: [Info]: [Vivox] VoiceChatSystemComponent: channel 'sip:confctl-d-amazonUE-nw78.jav-0501e107-b2c7-45fc-8690-ff4be475e68e-MDEzMDA1!p-20-1-1.000-3@anwxp0euc1.vivox.com' joined
<2021-11-01 09:11:00.096>: [Info]: [Vivox] VoiceChatClientState: joining new channel 'sip:confctl-d-amazonUE-nw78.jav-0501e107-b2c7-45fc-8690-ff4be475e68e-MDE0MDA1!p-20-1-1.000-3@anwxp0euc1.vivox.com'
<2021-11-01 09:11:00.525>: [Info]: [Vivox] VoiceChatClientState: Attempting to join 3d channel 'sip:confctl-d-amazonUE-nw78.jav-0501e107-b2c7-45fc-8690-ff4be475e68e-MDE0MDA1!p-20-1-1.000-3@anwxp0euc1.vivox.com (014005)'...
<2021-11-01 09:11:01.588>: [Info]: [Vivox] VoiceChatSystemComponent: channel 'sip:confctl-d-amazonUE-nw78.jav-0501e107-b2c7-45fc-8690-ff4be475e68e-MDE0MDA1!p-20-1-1.000-3@anwxp0euc1.vivox.com' joined
<2021-11-01 09:11:03.680>: [Info]: [Vivox] VoiceChatClientState: joining new channel 'sip:confctl-d-amazonUE-nw78.jav-0501e107-b2c7-45fc-8690-ff4be475e68e-MDE0MDA2!p-20-1-1.000-3@anwxp0euc1.vivox.com'
<2021-11-01 09:11:03.855>: [Info]: [Vivox] VoiceChatClientState: Attempting to join 3d channel 'sip:confctl-d-amazonUE-nw78.jav-0501e107-b2c7-45fc-8690-ff4be475e68e-MDE0MDA2!p-20-1-1.000-3@anwxp0euc1.vivox.com (014006)'...
<2021-11-01 09:11:03.855>: [Info] (AZCore): [GameMessagePort] MayHandleReplicationUnreliable() returning false clientContextInstanceId  2 m_clientContextInstanceId 2 seq 484 m_lastUnreliableReplicationSeq 485
<2021-11-01 09:11:04.840>: [Info]: [Vivox] VoiceChatSystemComponent: channel 'sip:confctl-d-amazonUE-nw78.jav-0501e107-b2c7-45fc-8690-ff4be475e68e-MDE0MDA2!p-20-1-1.000-3@anwxp0euc1.vivox.com' joined
<2021-11-01 09:11:04.842>: [Info]: [Vivox] VoiceChatSystemComponent: removing transmission to 014006
<2021-11-01 09:11:04.842>: [Info]: [Vivox] VoiceChatSystemComponent: removing transmission to 014005
<2021-11-01 09:11:04.842>: [Info]: [Vivox] VoiceChatSystemComponent: removing transmission to 013005
<2021-11-01 09:11:04.842>: [Info]: [Vivox] VoiceChatClientState: transmitting to no channels
<2021-11-01 09:11:04.842>: [Info]: [Vivox] VoiceChatSystemComponent: transmitting only to sip:confctl-d-amazonUE-nw78.jav-0501e107-b2c7-45fc-8690-ff4be475e68e-MDEzMDA2!p-20-1-1.000-3@anwxp0euc1.vivox.com
<2021-11-01 09:11:04.842>: [Info]: [Vivox] VoiceChatClientState: transmitting to sip:confctl-d-amazonUE-nw78.jav-0501e107-b2c7-45fc-8690-ff4be475e68e-MDEzMDA2!p-20-1-1.000-3@anwxp0euc1.vivox.com
<2021-11-01 09:11:04.842>: [Info]: [Vivox] VoiceChatSystemComponent: setting specific channel transmission complete
<2021-11-01 09:11:04.842>: [Info]: [Vivox] VoiceChatSystemComponent: setting specific channel transmission complete
<2021-11-01 09:11:04.842>: [Info]: [Vivox] VoiceChatSystemComponent: setting specific channel transmission complete
<2021-11-01 09:12:15.878>: [Info]: SerializeOptions: Success
<2021-11-01 09:12:15.878>: [Info]: SerializeOptions: Moving to C:/Users/Sai Prasad/AppData/Roaming/AGS/New World/savedata/temp_usersettings.javsave
<2021-11-01 09:12:35.383>: [Info]: SerializeOptions: Success
<2021-11-01 09:12:35.383>: [Info]: SerializeOptions: Moving to C:/Users/Sai Prasad/AppData/Roaming/AGS/New World/savedata/temp_usersettings.javsave
<2021-11-01 09:14:08.776>: [Info]: SerializeOptions: Success
<2021-11-01 09:14:08.776>: [Info]: SerializeOptions: Moving to C:/Users/Sai Prasad/AppData/Roaming/AGS/New World/savedata/temp_usersettings.javsave
<2021-11-01 09:14:25.273>: [Info]: SerializeOptions: Success
<2021-11-01 09:14:25.273>: [Info]: SerializeOptions: Moving to C:/Users/Sai Prasad/AppData/Roaming/AGS/New World/savedata/temp_usersettings.javsave
<2021-11-01 09:20:53.131>: [Info]: [Vivox] VoiceChatSystemComponent: removing transmission to 014006
<2021-11-01 09:20:53.131>: [Info]: [Vivox] VoiceChatSystemComponent: removing transmission to 014005
<2021-11-01 09:20:53.131>: [Info]: [Vivox] VoiceChatSystemComponent: removing transmission to 013005
<2021-11-01 09:20:53.131>: [Info]: [Vivox] VoiceChatClientState: transmitting to no channels
<2021-11-01 09:20:53.131>: [Info]: [Vivox] VoiceChatSystemComponent: transmitting only to sip:confctl-d-amazonUE-nw78.jav-0501e107-b2c7-45fc-8690-ff4be475e68e-MDEzMDA2!p-20-1-1.000-3@anwxp0euc1.vivox.com
<2021-11-01 09:20:53.131>: [Info]: [Vivox] VoiceChatClientState: transmitting to sip:confctl-d-amazonUE-nw78.jav-0501e107-b2c7-45fc-8690-ff4be475e68e-MDEzMDA2!p-20-1-1.000-3@anwxp0euc1.vivox.com
<2021-11-01 09:20:53.131>: [Info]: [Vivox] VoiceChatSystemComponent: setting specific channel transmission complete
<2021-11-01 09:20:53.131>: [Info]: [Vivox] VoiceChatSystemComponent: setting specific channel transmission complete
<2021-11-01 09:20:53.131>: [Info]: [Vivox] VoiceChatSystemComponent: setting specific channel transmission complete
<2021-11-01 09:27:07.767>: [Info]: [Vivox] VoiceChatSystemComponent: removing transmission to 014006
<2021-11-01 09:27:07.767>: [Info]: [Vivox] VoiceChatSystemComponent: removing transmission to 014005
<2021-11-01 09:27:07.767>: [Info]: [Vivox] VoiceChatSystemComponent: removing transmission to 013005
<2021-11-01 09:27:07.767>: [Info]: [Vivox] VoiceChatClientState: transmitting to no channels
<2021-11-01 09:27:07.767>: [Info]: [Vivox] VoiceChatSystemComponent: transmitting only to sip:confctl-d-amazonUE-nw78.jav-0501e107-b2c7-45fc-8690-ff4be475e68e-MDEzMDA2!p-20-1-1.000-3@anwxp0euc1.vivox.com
<2021-11-01 09:27:07.767>: [Info]: [Vivox] VoiceChatClientState: transmitting to sip:confctl-d-amazonUE-nw78.jav-0501e107-b2c7-45fc-8690-ff4be475e68e-MDEzMDA2!p-20-1-1.000-3@anwxp0euc1.vivox.com
<2021-11-01 09:27:07.767>: [Info]: [Vivox] VoiceChatSystemComponent: setting specific channel transmission complete
<2021-11-01 09:27:07.767>: [Info]: [Vivox] VoiceChatSystemComponent: setting specific channel transmission complete
<2021-11-01 09:27:07.767>: [Info]: [Vivox] VoiceChatSystemComponent: setting specific channel transmission complete
<2021-11-01 09:31:49.302>: [Info]: [Vivox] VoiceChatSystemComponent: removing transmission to 014006
<2021-11-01 09:31:49.302>: [Info]: [Vivox] VoiceChatSystemComponent: removing transmission to 014005
<2021-11-01 09:31:49.302>: [Info]: [Vivox] VoiceChatSystemComponent: removing transmission to 013005
<2021-11-01 09:31:49.302>: [Info]: [Vivox] VoiceChatClientState: transmitting to no channels
<2021-11-01 09:31:49.302>: [Info]: [Vivox] VoiceChatSystemComponent: transmitting only to sip:confctl-d-amazonUE-nw78.jav-0501e107-b2c7-45fc-8690-ff4be475e68e-MDEzMDA2!p-20-1-1.000-3@anwxp0euc1.vivox.com
<2021-11-01 09:31:49.302>: [Info]: [Vivox] VoiceChatClientState: transmitting to sip:confctl-d-amazonUE-nw78.jav-0501e107-b2c7-45fc-8690-ff4be475e68e-MDEzMDA2!p-20-1-1.000-3@anwxp0euc1.vivox.com
<2021-11-01 09:31:49.302>: [Info]: [Vivox] VoiceChatSystemComponent: setting specific channel transmission complete
<2021-11-01 09:31:49.302>: [Info]: [Vivox] VoiceChatSystemComponent: setting specific channel transmission complete
<2021-11-01 09:31:49.302>: [Info]: [Vivox] VoiceChatSystemComponent: setting specific channel transmission complete
<2021-11-01 09:31:59.421>: [Info]: SerializeOptions: Success
<2021-11-01 09:31:59.421>: [Info]: SerializeOptions: Moving to C:/Users/Sai Prasad/AppData/Roaming/AGS/New World/savedata/temp_usersettings.javsave
<2021-11-01 09:31:59.988>: [Info]: SerializeOptions: Success
<2021-11-01 09:31:59.988>: [Info]: SerializeOptions: Moving to C:/Users/Sai Prasad/AppData/Roaming/AGS/New World/savedata/temp_usersettings.javsave
<2021-11-01 09:32:00.057>: [Info]: SerializeOptions: Success
<2021-11-01 09:32:00.057>: [Info]: SerializeOptions: Moving to C:/Users/Sai Prasad/AppData/Roaming/AGS/New World/savedata/temp_usersettings.javsave
<2021-11-01 09:32:00.087>: [Info]: SerializeOptions: Success
<2021-11-01 09:32:00.087>: [Info]: SerializeOptions: Moving to C:/Users/Sai Prasad/AppData/Roaming/AGS/New World/savedata/temp_usersettings.javsave
<2021-11-01 09:32:00.151>: [Info]: SerializeOptions: Success
<2021-11-01 09:32:00.151>: [Info]: SerializeOptions: Moving to C:/Users/Sai Prasad/AppData/Roaming/AGS/New World/savedata/temp_usersettings.javsave
<2021-11-01 09:32:00.454>: [Info]: SerializeOptions: Success
<2021-11-01 09:32:00.454>: [Info]: SerializeOptions: Moving to C:/Users/Sai Prasad/AppData/Roaming/AGS/New World/savedata/temp_usersettings.javsave
<2021-11-01 09:32:01.551>: [Info]: SerializeOptions: Success
<2021-11-01 09:32:01.551>: [Info]: SerializeOptions: Moving to C:/Users/Sai Prasad/AppData/Roaming/AGS/New World/savedata/temp_usersettings.javsave
<2021-11-01 09:32:07.290>: [Info]: SerializeOptions: Success
<2021-11-01 09:32:07.290>: [Info]: SerializeOptions: Moving to C:/Users/Sai Prasad/AppData/Roaming/AGS/New World/savedata/temp_usersettings.javsave
<2021-11-01 09:32:07.649>: [Info]: SerializeOptions: Success
<2021-11-01 09:32:07.649>: [Info]: SerializeOptions: Moving to C:/Users/Sai Prasad/AppData/Roaming/AGS/New World/savedata/temp_usersettings.javsave
<2021-11-01 09:32:07.716>: [Info]: SerializeOptions: Success
<2021-11-01 09:32:07.716>: [Info]: SerializeOptions: Moving to C:/Users/Sai Prasad/AppData/Roaming/AGS/New World/savedata/temp_usersettings.javsave
<2021-11-01 09:32:08.658>: [Info]: SerializeOptions: Success
<2021-11-01 09:32:08.658>: [Info]: SerializeOptions: Moving to C:/Users/Sai Prasad/AppData/Roaming/AGS/New World/savedata/temp_usersettings.javsave
<2021-11-01 09:32:20.891>: [Info]: [Vivox] VoiceChatSystemComponent: removing transmission to 014006
<2021-11-01 09:32:20.891>: [Info]: [Vivox] VoiceChatSystemComponent: removing transmission to 014005
<2021-11-01 09:32:20.891>: [Info]: [Vivox] VoiceChatSystemComponent: removing transmission to 013005
<2021-11-01 09:32:20.891>: [Info]: [Vivox] VoiceChatClientState: transmitting to no channels
<2021-11-01 09:32:20.891>: [Info]: [Vivox] VoiceChatSystemComponent: transmitting only to sip:confctl-d-amazonUE-nw78.jav-0501e107-b2c7-45fc-8690-ff4be475e68e-MDEzMDA2!p-20-1-1.000-3@anwxp0euc1.vivox.com
<2021-11-01 09:32:20.891>: [Info]: [Vivox] VoiceChatClientState: transmitting to sip:confctl-d-amazonUE-nw78.jav-0501e107-b2c7-45fc-8690-ff4be475e68e-MDEzMDA2!p-20-1-1.000-3@anwxp0euc1.vivox.com
<2021-11-01 09:32:20.891>: [Info]: [Vivox] VoiceChatSystemComponent: setting specific channel transmission complete
<2021-11-01 09:32:20.891>: [Info]: [Vivox] VoiceChatSystemComponent: setting specific channel transmission complete
<2021-11-01 09:32:20.891>: [Info]: [Vivox] VoiceChatSystemComponent: setting specific channel transmission complete
<2021-11-01 09:32:31.671>: [Info]: SerializeOptions: Success
<2021-11-01 09:32:31.671>: [Info]: SerializeOptions: Moving to C:/Users/Sai Prasad/AppData/Roaming/AGS/New World/savedata/temp_usersettings.javsave
<2021-11-01 09:32:45.559>: [Info]: SerializeOptions: Success
<2021-11-01 09:32:45.559>: [Info]: SerializeOptions: Moving to C:/Users/Sai Prasad/AppData/Roaming/AGS/New World/savedata/temp_usersettings.javsave
<2021-11-01 09:33:10.560>: [Info]: [Vivox] VoiceChatSystemComponent: removing transmission to 014006
<2021-11-01 09:33:10.560>: [Info]: [Vivox] VoiceChatSystemComponent: removing transmission to 014005
<2021-11-01 09:33:10.560>: [Info]: [Vivox] VoiceChatSystemComponent: removing transmission to 013005
<2021-11-01 09:33:10.560>: [Info]: [Vivox] VoiceChatClientState: transmitting to no channels
<2021-11-01 09:33:10.560>: [Info]: [Vivox] VoiceChatSystemComponent: transmitting only to sip:confctl-d-amazonUE-nw78.jav-0501e107-b2c7-45fc-8690-ff4be475e68e-MDEzMDA2!p-20-1-1.000-3@anwxp0euc1.vivox.com
<2021-11-01 09:33:10.560>: [Info]: [Vivox] VoiceChatClientState: transmitting to sip:confctl-d-amazonUE-nw78.jav-0501e107-b2c7-45fc-8690-ff4be475e68e-MDEzMDA2!p-20-1-1.000-3@anwxp0euc1.vivox.com
<2021-11-01 09:33:10.560>: [Info]: [Vivox] VoiceChatSystemComponent: setting specific channel transmission complete
<2021-11-01 09:33:10.560>: [Info]: [Vivox] VoiceChatSystemComponent: setting specific channel transmission complete
<2021-11-01 09:33:10.560>: [Info]: [Vivox] VoiceChatSystemComponent: setting specific channel transmission complete
<2021-11-01 09:44:54.784>: [Info] (AZCore): [Game] CGame::ActorContainerDisconnect
<2021-11-01 09:44:54.784>: [Info] (AZCore): [GameConnection] GameConnectionWrapper::Disconnect
<2021-11-01 09:44:54.784>: [Info] (AZCore): [Game] CGame::OnDisconnection: Disconnected from REP
<2021-11-01 09:44:54.789>: [Info] (AZCore): [GameConnection] GameConnectionWrapper: disconnected from REP
<2021-11-01 09:44:54.794>: [Info]: [ERROR] ClientSDK: @mm_csdkerr_disconnect
<2021-11-01 09:44:55.912>: [Info] (AZCore): [GameConnection] Update state InGame to new state Disconnected
<2021-11-01 09:44:55.912>: [Info]: CSystem::Quit invoked from thread 7384 (main is 7384)
<2021-11-01 09:44:55.912>: [Info] (AZCore): [Game] CGame::ActorContainerDisconnect
